<?xml version="1.0" encoding="UTF-8"?>
<testsuite name="com.zions.vsts.services.PopulateChildMicroServiceSpec" tests="4" skipped="0" failures="0" errors="0" timestamp="2020-07-10T13:27:29" hostname="UTMSDEV0545" time="0.635">
  <properties/>
  <testcase name="No valid changes made to populate child record" classname="com.zions.vsts.services.PopulateChildMicroServiceSpec" time="0.436"/>
  <testcase name="Not a valid parent work item type" classname="com.zions.vsts.services.PopulateChildMicroServiceSpec" time="0.036"/>
  <testcase name="child does not exist for parent" classname="com.zions.vsts.services.PopulateChildMicroServiceSpec" time="0.024"/>
  <testcase name="Successful child field update" classname="com.zions.vsts.services.PopulateChildMicroServiceSpec" time="0.129"/>
  <system-out><![CDATA[07:27:27.795 [Test worker] DEBUG org.springframework.test.context.support.AbstractDirtiesContextTestExecutionListener - Before test class: context [DefaultTestContext@204b7989 testClass = PopulateChildMicroServiceSpec, testInstance = [null], testMethod = [null], testException = [null], mergedContextConfiguration = [MergedContextConfiguration@51de0f76 testClass = PopulateChildMicroServiceSpec, locations = '{}', classes = '{class com.zions.vsts.services.PopulateChildMicroserviceTestConfig}', contextInitializerClasses = '[]', activeProfiles = '{}', propertySourceLocations = '{}', propertySourceProperties = '{}', contextCustomizers = set[org.spockframework.spring.mock.SpockContextCustomizer@0, org.springframework.boot.test.autoconfigure.properties.PropertyMappingContextCustomizer@0, org.springframework.boot.test.autoconfigure.web.servlet.WebDriverContextCustomizerFactory$Customizer@44290e0, org.springframework.boot.test.context.filter.ExcludeFilterContextCustomizer@3d3d95c3, org.springframework.boot.test.json.DuplicateJsonObjectContextCustomizerFactory$DuplicateJsonObjectContextCustomizer@351f7ae7, org.springframework.boot.test.mock.mockito.MockitoContextCustomizer@0], contextLoader = 'org.springframework.test.context.support.DelegatingSmartContextLoader', parent = [null]], attributes = map[[empty]]], class annotated with @DirtiesContext [false] with mode [null].
07:27:27.834 [Test worker] DEBUG org.springframework.test.context.support.DependencyInjectionTestExecutionListener - Performing dependency injection for test context [[DefaultTestContext@204b7989 testClass = PopulateChildMicroServiceSpec, testInstance = com.zions.vsts.services.PopulateChildMicroServiceSpec@6a9274f8, testMethod = [null], testException = [null], mergedContextConfiguration = [MergedContextConfiguration@51de0f76 testClass = PopulateChildMicroServiceSpec, locations = '{}', classes = '{class com.zions.vsts.services.PopulateChildMicroserviceTestConfig}', contextInitializerClasses = '[]', activeProfiles = '{}', propertySourceLocations = '{}', propertySourceProperties = '{}', contextCustomizers = set[org.spockframework.spring.mock.SpockContextCustomizer@0, org.springframework.boot.test.autoconfigure.properties.PropertyMappingContextCustomizer@0, org.springframework.boot.test.autoconfigure.web.servlet.WebDriverContextCustomizerFactory$Customizer@44290e0, org.springframework.boot.test.context.filter.ExcludeFilterContextCustomizer@3d3d95c3, org.springframework.boot.test.json.DuplicateJsonObjectContextCustomizerFactory$DuplicateJsonObjectContextCustomizer@351f7ae7, org.springframework.boot.test.mock.mockito.MockitoContextCustomizer@0], contextLoader = 'org.springframework.test.context.support.DelegatingSmartContextLoader', parent = [null]], attributes = map[[empty]]]].
07:27:27.836 [Test worker] DEBUG org.springframework.test.context.support.AbstractDelegatingSmartContextLoader - Delegating to AnnotationConfigContextLoader to load context from [MergedContextConfiguration@51de0f76 testClass = PopulateChildMicroServiceSpec, locations = '{}', classes = '{class com.zions.vsts.services.PopulateChildMicroserviceTestConfig}', contextInitializerClasses = '[]', activeProfiles = '{}', propertySourceLocations = '{}', propertySourceProperties = '{}', contextCustomizers = set[org.spockframework.spring.mock.SpockContextCustomizer@0, org.springframework.boot.test.autoconfigure.properties.PropertyMappingContextCustomizer@0, org.springframework.boot.test.autoconfigure.web.servlet.WebDriverContextCustomizerFactory$Customizer@44290e0, org.springframework.boot.test.context.filter.ExcludeFilterContextCustomizer@3d3d95c3, org.springframework.boot.test.json.DuplicateJsonObjectContextCustomizerFactory$DuplicateJsonObjectContextCustomizer@351f7ae7, org.springframework.boot.test.mock.mockito.MockitoContextCustomizer@0], contextLoader = 'org.springframework.test.context.support.DelegatingSmartContextLoader', parent = [null]].
07:27:27.836 [Test worker] DEBUG org.springframework.test.context.support.AbstractGenericContextLoader - Loading ApplicationContext for merged context configuration [[MergedContextConfiguration@51de0f76 testClass = PopulateChildMicroServiceSpec, locations = '{}', classes = '{class com.zions.vsts.services.PopulateChildMicroserviceTestConfig}', contextInitializerClasses = '[]', activeProfiles = '{}', propertySourceLocations = '{}', propertySourceProperties = '{}', contextCustomizers = set[org.spockframework.spring.mock.SpockContextCustomizer@0, org.springframework.boot.test.autoconfigure.properties.PropertyMappingContextCustomizer@0, org.springframework.boot.test.autoconfigure.web.servlet.WebDriverContextCustomizerFactory$Customizer@44290e0, org.springframework.boot.test.context.filter.ExcludeFilterContextCustomizer@3d3d95c3, org.springframework.boot.test.json.DuplicateJsonObjectContextCustomizerFactory$DuplicateJsonObjectContextCustomizer@351f7ae7, org.springframework.boot.test.mock.mockito.MockitoContextCustomizer@0], contextLoader = 'org.springframework.test.context.support.DelegatingSmartContextLoader', parent = [null]]].
07:27:27.912 [Test worker] DEBUG org.springframework.core.env.StandardEnvironment - Activating profiles []
07:27:27.912 [Test worker] DEBUG org.springframework.test.context.support.AnnotationConfigContextLoader - Registering component classes: {class com.zions.vsts.services.PopulateChildMicroserviceTestConfig}
07:27:27.967 [Test worker] DEBUG org.springframework.core.env.PropertySourcesPropertyResolver - Found key 'spring.profiles.active' in PropertySource 'systemProperties' with value of type String
07:27:27.968 [Test worker] DEBUG org.springframework.core.env.StandardEnvironment - Activating profiles [test]
07:27:27.978 [Test worker] DEBUG org.springframework.context.support.GenericApplicationContext - Refreshing org.springframework.context.support.GenericApplicationContext@ca207de
07:27:28.073 [Test worker] DEBUG org.springframework.beans.factory.support.DefaultListableBeanFactory - Creating shared instance of singleton bean 'org.springframework.context.annotation.internalConfigurationAnnotationProcessor'
07:27:28.315 [Test worker] DEBUG org.springframework.beans.factory.support.DefaultListableBeanFactory - Creating shared instance of singleton bean 'org.spockframework.spring.mock.SpockMockPostprocessor'
07:27:28.348 [Test worker] DEBUG org.springframework.beans.factory.support.DefaultListableBeanFactory - Creating shared instance of singleton bean 'org.springframework.boot.test.mock.mockito.MockitoPostProcessor'
07:27:28.352 [Test worker] DEBUG org.springframework.beans.factory.support.DefaultListableBeanFactory - Creating shared instance of singleton bean 'org.springframework.context.event.internalEventListenerProcessor'
07:27:28.354 [Test worker] DEBUG org.springframework.beans.factory.support.DefaultListableBeanFactory - Creating shared instance of singleton bean 'org.springframework.context.event.internalEventListenerFactory'
07:27:28.356 [Test worker] DEBUG org.springframework.beans.factory.support.DefaultListableBeanFactory - Creating shared instance of singleton bean 'org.springframework.context.annotation.internalAutowiredAnnotationProcessor'
07:27:28.359 [Test worker] DEBUG org.springframework.beans.factory.support.DefaultListableBeanFactory - Creating shared instance of singleton bean 'org.springframework.context.annotation.internalCommonAnnotationProcessor'
07:27:28.368 [Test worker] DEBUG org.springframework.beans.factory.support.DefaultListableBeanFactory - Creating shared instance of singleton bean 'org.spockframework.spring.mock.SpockMockPostprocessor$SpyPostProcessor'
07:27:28.378 [Test worker] DEBUG org.springframework.beans.factory.support.DefaultListableBeanFactory - Creating shared instance of singleton bean 'org.springframework.boot.test.mock.mockito.MockitoPostProcessor$SpyPostProcessor'
07:27:28.378 [Test worker] DEBUG org.springframework.beans.factory.support.DefaultListableBeanFactory - Creating shared instance of singleton bean 'populateChildMicroserviceTestConfig'
07:27:28.469 [Test worker] DEBUG org.springframework.core.env.PropertySourcesPropertyResolver - Found key 'tfs.types' in PropertySource 'class path resource [test.properties]' with value of type String
07:27:28.472 [Test worker] DEBUG org.springframework.beans.factory.support.DefaultListableBeanFactory - Creating shared instance of singleton bean 'underTest'
07:27:28.669 [Test worker] DEBUG org.springframework.beans.factory.support.DefaultListableBeanFactory - Creating shared instance of singleton bean 'workManagementService'
07:27:29.610 [Test worker] DEBUG org.springframework.beans.factory.support.DefaultListableBeanFactory - Creating shared instance of singleton bean 'genericRestClient'
07:27:29.854 [Test worker] DEBUG org.springframework.core.env.PropertySourcesPropertyResolver - Found key 'tfs.types' in PropertySource 'class path resource [test.properties]' with value of type String
07:27:29.854 [Test worker] DEBUG org.springframework.core.env.PropertySourcesPropertyResolver - Found key 'tfs.pfield' in PropertySource 'class path resource [test.properties]' with value of type String
07:27:29.854 [Test worker] DEBUG org.springframework.core.env.PropertySourcesPropertyResolver - Found key 'tfs.cfield' in PropertySource 'class path resource [test.properties]' with value of type String
07:27:29.878 [Test worker] DEBUG org.springframework.test.context.cache.DefaultCacheAwareContextLoaderDelegate - Storing ApplicationContext [211945438] in cache under key [[MergedContextConfiguration@51de0f76 testClass = PopulateChildMicroServiceSpec, locations = '{}', classes = '{class com.zions.vsts.services.PopulateChildMicroserviceTestConfig}', contextInitializerClasses = '[]', activeProfiles = '{}', propertySourceLocations = '{}', propertySourceProperties = '{}', contextCustomizers = set[org.spockframework.spring.mock.SpockContextCustomizer@0, org.springframework.boot.test.autoconfigure.properties.PropertyMappingContextCustomizer@0, org.springframework.boot.test.autoconfigure.web.servlet.WebDriverContextCustomizerFactory$Customizer@44290e0, org.springframework.boot.test.context.filter.ExcludeFilterContextCustomizer@3d3d95c3, org.springframework.boot.test.json.DuplicateJsonObjectContextCustomizerFactory$DuplicateJsonObjectContextCustomizer@351f7ae7, org.springframework.boot.test.mock.mockito.MockitoContextCustomizer@0], contextLoader = 'org.springframework.test.context.support.DelegatingSmartContextLoader', parent = [null]]]
07:27:29.878 [Test worker] DEBUG org.springframework.test.context.cache - Spring test ApplicationContext cache statistics: [DefaultContextCache@78b23213 size = 1, maxSize = 32, parentContextCount = 0, hitCount = 0, missCount = 1]
07:27:29.878 [Test worker] DEBUG org.springframework.test.context.cache.DefaultCacheAwareContextLoaderDelegate - Retrieved ApplicationContext [211945438] from cache with key [[MergedContextConfiguration@51de0f76 testClass = PopulateChildMicroServiceSpec, locations = '{}', classes = '{class com.zions.vsts.services.PopulateChildMicroserviceTestConfig}', contextInitializerClasses = '[]', activeProfiles = '{}', propertySourceLocations = '{}', propertySourceProperties = '{}', contextCustomizers = set[org.spockframework.spring.mock.SpockContextCustomizer@0, org.springframework.boot.test.autoconfigure.properties.PropertyMappingContextCustomizer@0, org.springframework.boot.test.autoconfigure.web.servlet.WebDriverContextCustomizerFactory$Customizer@44290e0, org.springframework.boot.test.context.filter.ExcludeFilterContextCustomizer@3d3d95c3, org.springframework.boot.test.json.DuplicateJsonObjectContextCustomizerFactory$DuplicateJsonObjectContextCustomizer@351f7ae7, org.springframework.boot.test.mock.mockito.MockitoContextCustomizer@0], contextLoader = 'org.springframework.test.context.support.DelegatingSmartContextLoader', parent = [null]]]
07:27:29.878 [Test worker] DEBUG org.springframework.test.context.cache - Spring test ApplicationContext cache statistics: [DefaultContextCache@78b23213 size = 1, maxSize = 32, parentContextCount = 0, hitCount = 1, missCount = 1]
07:27:29.878 [Test worker] DEBUG org.springframework.test.context.cache.DefaultCacheAwareContextLoaderDelegate - Retrieved ApplicationContext [211945438] from cache with key [[MergedContextConfiguration@51de0f76 testClass = PopulateChildMicroServiceSpec, locations = '{}', classes = '{class com.zions.vsts.services.PopulateChildMicroserviceTestConfig}', contextInitializerClasses = '[]', activeProfiles = '{}', propertySourceLocations = '{}', propertySourceProperties = '{}', contextCustomizers = set[org.spockframework.spring.mock.SpockContextCustomizer@0, org.springframework.boot.test.autoconfigure.properties.PropertyMappingContextCustomizer@0, org.springframework.boot.test.autoconfigure.web.servlet.WebDriverContextCustomizerFactory$Customizer@44290e0, org.springframework.boot.test.context.filter.ExcludeFilterContextCustomizer@3d3d95c3, org.springframework.boot.test.json.DuplicateJsonObjectContextCustomizerFactory$DuplicateJsonObjectContextCustomizer@351f7ae7, org.springframework.boot.test.mock.mockito.MockitoContextCustomizer@0], contextLoader = 'org.springframework.test.context.support.DelegatingSmartContextLoader', parent = [null]]]
07:27:29.878 [Test worker] DEBUG org.springframework.test.context.cache - Spring test ApplicationContext cache statistics: [DefaultContextCache@78b23213 size = 1, maxSize = 32, parentContextCount = 0, hitCount = 2, missCount = 1]
07:27:29.894 [Test worker] DEBUG org.springframework.test.context.support.AbstractDirtiesContextTestExecutionListener - Before test method: context [DefaultTestContext@204b7989 testClass = PopulateChildMicroServiceSpec, testInstance = com.zions.vsts.services.PopulateChildMicroServiceSpec@6a9274f8, testMethod = $spock_feature_0_0@PopulateChildMicroServiceSpec, testException = [null], mergedContextConfiguration = [MergedContextConfiguration@51de0f76 testClass = PopulateChildMicroServiceSpec, locations = '{}', classes = '{class com.zions.vsts.services.PopulateChildMicroserviceTestConfig}', contextInitializerClasses = '[]', activeProfiles = '{}', propertySourceLocations = '{}', propertySourceProperties = '{}', contextCustomizers = set[org.spockframework.spring.mock.SpockContextCustomizer@0, org.springframework.boot.test.autoconfigure.properties.PropertyMappingContextCustomizer@0, org.springframework.boot.test.autoconfigure.web.servlet.WebDriverContextCustomizerFactory$Customizer@44290e0, org.springframework.boot.test.context.filter.ExcludeFilterContextCustomizer@3d3d95c3, org.springframework.boot.test.json.DuplicateJsonObjectContextCustomizerFactory$DuplicateJsonObjectContextCustomizer@351f7ae7, org.springframework.boot.test.mock.mockito.MockitoContextCustomizer@0], contextLoader = 'org.springframework.test.context.support.DelegatingSmartContextLoader', parent = [null]], attributes = map[[empty]]], class annotated with @DirtiesContext [false] with mode [null], method annotated with @DirtiesContext [false] with mode [null].
07:27:29.894 [Test worker] DEBUG org.springframework.test.context.cache.DefaultCacheAwareContextLoaderDelegate - Retrieved ApplicationContext [211945438] from cache with key [[MergedContextConfiguration@51de0f76 testClass = PopulateChildMicroServiceSpec, locations = '{}', classes = '{class com.zions.vsts.services.PopulateChildMicroserviceTestConfig}', contextInitializerClasses = '[]', activeProfiles = '{}', propertySourceLocations = '{}', propertySourceProperties = '{}', contextCustomizers = set[org.spockframework.spring.mock.SpockContextCustomizer@0, org.springframework.boot.test.autoconfigure.properties.PropertyMappingContextCustomizer@0, org.springframework.boot.test.autoconfigure.web.servlet.WebDriverContextCustomizerFactory$Customizer@44290e0, org.springframework.boot.test.context.filter.ExcludeFilterContextCustomizer@3d3d95c3, org.springframework.boot.test.json.DuplicateJsonObjectContextCustomizerFactory$DuplicateJsonObjectContextCustomizer@351f7ae7, org.springframework.boot.test.mock.mockito.MockitoContextCustomizer@0], contextLoader = 'org.springframework.test.context.support.DelegatingSmartContextLoader', parent = [null]]]
07:27:29.894 [Test worker] DEBUG org.springframework.test.context.cache - Spring test ApplicationContext cache statistics: [DefaultContextCache@78b23213 size = 1, maxSize = 32, parentContextCount = 0, hitCount = 3, missCount = 1]
07:27:29.911 [Test worker] DEBUG org.springframework.test.context.cache.DefaultCacheAwareContextLoaderDelegate - Retrieved ApplicationContext [211945438] from cache with key [[MergedContextConfiguration@51de0f76 testClass = PopulateChildMicroServiceSpec, locations = '{}', classes = '{class com.zions.vsts.services.PopulateChildMicroserviceTestConfig}', contextInitializerClasses = '[]', activeProfiles = '{}', propertySourceLocations = '{}', propertySourceProperties = '{}', contextCustomizers = set[org.spockframework.spring.mock.SpockContextCustomizer@0, org.springframework.boot.test.autoconfigure.properties.PropertyMappingContextCustomizer@0, org.springframework.boot.test.autoconfigure.web.servlet.WebDriverContextCustomizerFactory$Customizer@44290e0, org.springframework.boot.test.context.filter.ExcludeFilterContextCustomizer@3d3d95c3, org.springframework.boot.test.json.DuplicateJsonObjectContextCustomizerFactory$DuplicateJsonObjectContextCustomizer@351f7ae7, org.springframework.boot.test.mock.mockito.MockitoContextCustomizer@0], contextLoader = 'org.springframework.test.context.support.DelegatingSmartContextLoader', parent = [null]]]
07:27:29.912 [Test worker] DEBUG org.springframework.test.context.cache - Spring test ApplicationContext cache statistics: [DefaultContextCache@78b23213 size = 1, maxSize = 32, parentContextCount = 0, hitCount = 4, missCount = 1]
07:27:29.978 [Test worker] DEBUG org.springframework.test.context.cache.DefaultCacheAwareContextLoaderDelegate - Retrieved ApplicationContext [211945438] from cache with key [[MergedContextConfiguration@51de0f76 testClass = PopulateChildMicroServiceSpec, locations = '{}', classes = '{class com.zions.vsts.services.PopulateChildMicroserviceTestConfig}', contextInitializerClasses = '[]', activeProfiles = '{}', propertySourceLocations = '{}', propertySourceProperties = '{}', contextCustomizers = set[org.spockframework.spring.mock.SpockContextCustomizer@0, org.springframework.boot.test.autoconfigure.properties.PropertyMappingContextCustomizer@0, org.springframework.boot.test.autoconfigure.web.servlet.WebDriverContextCustomizerFactory$Customizer@44290e0, org.springframework.boot.test.context.filter.ExcludeFilterContextCustomizer@3d3d95c3, org.springframework.boot.test.json.DuplicateJsonObjectContextCustomizerFactory$DuplicateJsonObjectContextCustomizer@351f7ae7, org.springframework.boot.test.mock.mockito.MockitoContextCustomizer@0], contextLoader = 'org.springframework.test.context.support.DelegatingSmartContextLoader', parent = [null]]]
07:27:29.978 [Test worker] DEBUG org.springframework.test.context.cache - Spring test ApplicationContext cache statistics: [DefaultContextCache@78b23213 size = 1, maxSize = 32, parentContextCount = 0, hitCount = 5, missCount = 1]
07:27:30.111 [Test worker] INFO com.zions.vsts.services.PopulateChildMicroService - Entering PopulateChild MicroService:: processADOData
[
    {
        "id": 947998,
        "rev": 3,
        "fields": {
            "System.Id": 947998,
            "System.AreaId": 132,
            "System.AreaPath": "ALMOpsTest",
            "System.TeamProject": "ALMOpsTest",
            "System.NodeName": "ALMOpsTest",
            "System.AreaLevel1": "ALMOpsTest",
            "System.Rev": 3,
            "System.AuthorizedDate": "2020-07-09T23:15:54.52Z",
            "System.RevisedDate": "9999-01-01T00:00:00Z",
            "System.IterationId": 127,
            "System.IterationPath": "ALMOpsTest",
            "System.IterationLevel1": "ALMOpsTest",
            "System.WorkItemType": "User Story",
            "System.State": "Active",
            "System.Reason": "New",
            "System.CreatedDate": "2020-07-09T22:23:27.657Z",
            "System.CreatedBy": "Michael Angelastro <Michael.Angelastro@zionsbancorp.com>",
            "System.ChangedDate": "2020-07-09T23:15:54.52Z",
            "System.ChangedBy": "SVC-CLOUD-ADOMAINT001 <SVC-CLOUD-ADOMAINT001@zionsbancorporation.onmicrosoft.com>",
            "System.AuthorizedAs": "SVC-CLOUD-ADOMAINT001 <SVC-CLOUD-ADOMAINT001@zionsbancorporation.onmicrosoft.com>",
            "System.PersonId": 99895085,
            "System.Watermark": 328854,
            "System.CommentCount": 0,
            "System.Title": "User Story test",
            "System.BoardColumn": "Active",
            "System.BoardColumnDone": false,
            "Microsoft.VSTS.Common.StateChangeDate": "2020-07-09T22:23:27.657Z",
            "Microsoft.VSTS.Common.Priority": 2,
            "Microsoft.VSTS.Common.ValueArea": "Business",
            "Custom.SubState": "New",
            "WEF_C370B09E1EBD4AAD9A4CDBF70D2A00AB_System.ExtensionMarker": true,
            "WEF_C370B09E1EBD4AAD9A4CDBF70D2A00AB_Kanban.Column": "Active",
            "WEF_C370B09E1EBD4AAD9A4CDBF70D2A00AB_Kanban.Column.Done": false,
            "Custom.OTLNumber": "612",
            "System.Parent": 947997
        },
        "relations": [
            {
                "rel": "System.LinkTypes.Hierarchy-Forward",
                "url": "https://dev.azure.com/eto-dev/_apis/wit/workItems/947999",
                "attributes": {
                    "isLocked": false,
                    "name": "Child"
                }
            },
            {
                "rel": "System.LinkTypes.Hierarchy-Reverse",
                "url": "https://dev.azure.com/eto-dev/_apis/wit/workItems/947997",
                "attributes": {
                    "isLocked": false,
                    "name": "Parent"
                }
            }
        ],
        "_links": {
            "self": {
                "href": "https://dev.azure.com/eto-dev/_apis/wit/workItems/947998"
            },
            "workItemUpdates": {
                "href": "https://dev.azure.com/eto-dev/_apis/wit/workItems/947998/updates"
            },
            "workItemRevisions": {
                "href": "https://dev.azure.com/eto-dev/_apis/wit/workItems/947998/revisions"
            },
            "workItemHistory": {
                "href": "https://dev.azure.com/eto-dev/_apis/wit/workItems/947998/history"
            },
            "html": {
                "href": "https://dev.azure.com/eto-dev/030d62a4-ce8b-405e-a331-8678df1a6efe/_workitems/edit/947998"
            },
            "workItemType": {
                "href": "https://dev.azure.com/eto-dev/030d62a4-ce8b-405e-a331-8678df1a6efe/_apis/wit/workItemTypes/User%20Story"
            },
            "fields": {
                "href": "https://dev.azure.com/eto-dev/_apis/wit/fields"
            }
        },
        "url": "https://dev.azure.com/eto-dev/_apis/wit/workItems/947998"
    }
]
07:27:30.311 [Test worker] INFO com.zions.vsts.services.PopulateChildMicroService - work item changes do not apply
07:27:30.317 [Test worker] DEBUG org.springframework.test.context.cache.DefaultCacheAwareContextLoaderDelegate - Retrieved ApplicationContext [211945438] from cache with key [[MergedContextConfiguration@51de0f76 testClass = PopulateChildMicroServiceSpec, locations = '{}', classes = '{class com.zions.vsts.services.PopulateChildMicroserviceTestConfig}', contextInitializerClasses = '[]', activeProfiles = '{}', propertySourceLocations = '{}', propertySourceProperties = '{}', contextCustomizers = set[org.spockframework.spring.mock.SpockContextCustomizer@0, org.springframework.boot.test.autoconfigure.properties.PropertyMappingContextCustomizer@0, org.springframework.boot.test.autoconfigure.web.servlet.WebDriverContextCustomizerFactory$Customizer@44290e0, org.springframework.boot.test.context.filter.ExcludeFilterContextCustomizer@3d3d95c3, org.springframework.boot.test.json.DuplicateJsonObjectContextCustomizerFactory$DuplicateJsonObjectContextCustomizer@351f7ae7, org.springframework.boot.test.mock.mockito.MockitoContextCustomizer@0], contextLoader = 'org.springframework.test.context.support.DelegatingSmartContextLoader', parent = [null]]]
07:27:30.317 [Test worker] DEBUG org.springframework.test.context.cache - Spring test ApplicationContext cache statistics: [DefaultContextCache@78b23213 size = 1, maxSize = 32, parentContextCount = 0, hitCount = 6, missCount = 1]
07:27:30.317 [Test worker] DEBUG org.springframework.test.context.cache.DefaultCacheAwareContextLoaderDelegate - Retrieved ApplicationContext [211945438] from cache with key [[MergedContextConfiguration@51de0f76 testClass = PopulateChildMicroServiceSpec, locations = '{}', classes = '{class com.zions.vsts.services.PopulateChildMicroserviceTestConfig}', contextInitializerClasses = '[]', activeProfiles = '{}', propertySourceLocations = '{}', propertySourceProperties = '{}', contextCustomizers = set[org.spockframework.spring.mock.SpockContextCustomizer@0, org.springframework.boot.test.autoconfigure.properties.PropertyMappingContextCustomizer@0, org.springframework.boot.test.autoconfigure.web.servlet.WebDriverContextCustomizerFactory$Customizer@44290e0, org.springframework.boot.test.context.filter.ExcludeFilterContextCustomizer@3d3d95c3, org.springframework.boot.test.json.DuplicateJsonObjectContextCustomizerFactory$DuplicateJsonObjectContextCustomizer@351f7ae7, org.springframework.boot.test.mock.mockito.MockitoContextCustomizer@0], contextLoader = 'org.springframework.test.context.support.DelegatingSmartContextLoader', parent = [null]]]
07:27:30.317 [Test worker] DEBUG org.springframework.test.context.cache - Spring test ApplicationContext cache statistics: [DefaultContextCache@78b23213 size = 1, maxSize = 32, parentContextCount = 0, hitCount = 7, missCount = 1]
07:27:30.318 [Test worker] DEBUG org.springframework.test.context.cache.DefaultCacheAwareContextLoaderDelegate - Retrieved ApplicationContext [211945438] from cache with key [[MergedContextConfiguration@51de0f76 testClass = PopulateChildMicroServiceSpec, locations = '{}', classes = '{class com.zions.vsts.services.PopulateChildMicroserviceTestConfig}', contextInitializerClasses = '[]', activeProfiles = '{}', propertySourceLocations = '{}', propertySourceProperties = '{}', contextCustomizers = set[org.spockframework.spring.mock.SpockContextCustomizer@0, org.springframework.boot.test.autoconfigure.properties.PropertyMappingContextCustomizer@0, org.springframework.boot.test.autoconfigure.web.servlet.WebDriverContextCustomizerFactory$Customizer@44290e0, org.springframework.boot.test.context.filter.ExcludeFilterContextCustomizer@3d3d95c3, org.springframework.boot.test.json.DuplicateJsonObjectContextCustomizerFactory$DuplicateJsonObjectContextCustomizer@351f7ae7, org.springframework.boot.test.mock.mockito.MockitoContextCustomizer@0], contextLoader = 'org.springframework.test.context.support.DelegatingSmartContextLoader', parent = [null]]]
07:27:30.318 [Test worker] DEBUG org.springframework.test.context.cache - Spring test ApplicationContext cache statistics: [DefaultContextCache@78b23213 size = 1, maxSize = 32, parentContextCount = 0, hitCount = 8, missCount = 1]
07:27:30.320 [Test worker] DEBUG org.springframework.test.context.cache.DefaultCacheAwareContextLoaderDelegate - Retrieved ApplicationContext [211945438] from cache with key [[MergedContextConfiguration@51de0f76 testClass = PopulateChildMicroServiceSpec, locations = '{}', classes = '{class com.zions.vsts.services.PopulateChildMicroserviceTestConfig}', contextInitializerClasses = '[]', activeProfiles = '{}', propertySourceLocations = '{}', propertySourceProperties = '{}', contextCustomizers = set[org.spockframework.spring.mock.SpockContextCustomizer@0, org.springframework.boot.test.autoconfigure.properties.PropertyMappingContextCustomizer@0, org.springframework.boot.test.autoconfigure.web.servlet.WebDriverContextCustomizerFactory$Customizer@44290e0, org.springframework.boot.test.context.filter.ExcludeFilterContextCustomizer@3d3d95c3, org.springframework.boot.test.json.DuplicateJsonObjectContextCustomizerFactory$DuplicateJsonObjectContextCustomizer@351f7ae7, org.springframework.boot.test.mock.mockito.MockitoContextCustomizer@0], contextLoader = 'org.springframework.test.context.support.DelegatingSmartContextLoader', parent = [null]]]
07:27:30.320 [Test worker] DEBUG org.springframework.test.context.cache - Spring test ApplicationContext cache statistics: [DefaultContextCache@78b23213 size = 1, maxSize = 32, parentContextCount = 0, hitCount = 9, missCount = 1]
07:27:30.323 [Test worker] DEBUG org.springframework.test.context.cache.DefaultCacheAwareContextLoaderDelegate - Retrieved ApplicationContext [211945438] from cache with key [[MergedContextConfiguration@51de0f76 testClass = PopulateChildMicroServiceSpec, locations = '{}', classes = '{class com.zions.vsts.services.PopulateChildMicroserviceTestConfig}', contextInitializerClasses = '[]', activeProfiles = '{}', propertySourceLocations = '{}', propertySourceProperties = '{}', contextCustomizers = set[org.spockframework.spring.mock.SpockContextCustomizer@0, org.springframework.boot.test.autoconfigure.properties.PropertyMappingContextCustomizer@0, org.springframework.boot.test.autoconfigure.web.servlet.WebDriverContextCustomizerFactory$Customizer@44290e0, org.springframework.boot.test.context.filter.ExcludeFilterContextCustomizer@3d3d95c3, org.springframework.boot.test.json.DuplicateJsonObjectContextCustomizerFactory$DuplicateJsonObjectContextCustomizer@351f7ae7, org.springframework.boot.test.mock.mockito.MockitoContextCustomizer@0], contextLoader = 'org.springframework.test.context.support.DelegatingSmartContextLoader', parent = [null]]]
07:27:30.323 [Test worker] DEBUG org.springframework.test.context.cache - Spring test ApplicationContext cache statistics: [DefaultContextCache@78b23213 size = 1, maxSize = 32, parentContextCount = 0, hitCount = 10, missCount = 1]
07:27:30.327 [Test worker] DEBUG org.springframework.test.context.support.AbstractDirtiesContextTestExecutionListener - After test method: context [DefaultTestContext@204b7989 testClass = PopulateChildMicroServiceSpec, testInstance = com.zions.vsts.services.PopulateChildMicroServiceSpec@6a9274f8, testMethod = $spock_feature_0_0@PopulateChildMicroServiceSpec, testException = [null], mergedContextConfiguration = [MergedContextConfiguration@51de0f76 testClass = PopulateChildMicroServiceSpec, locations = '{}', classes = '{class com.zions.vsts.services.PopulateChildMicroserviceTestConfig}', contextInitializerClasses = '[]', activeProfiles = '{}', propertySourceLocations = '{}', propertySourceProperties = '{}', contextCustomizers = set[org.spockframework.spring.mock.SpockContextCustomizer@0, org.springframework.boot.test.autoconfigure.properties.PropertyMappingContextCustomizer@0, org.springframework.boot.test.autoconfigure.web.servlet.WebDriverContextCustomizerFactory$Customizer@44290e0, org.springframework.boot.test.context.filter.ExcludeFilterContextCustomizer@3d3d95c3, org.springframework.boot.test.json.DuplicateJsonObjectContextCustomizerFactory$DuplicateJsonObjectContextCustomizer@351f7ae7, org.springframework.boot.test.mock.mockito.MockitoContextCustomizer@0], contextLoader = 'org.springframework.test.context.support.DelegatingSmartContextLoader', parent = [null]], attributes = map['org.spockframework.spring.SpringMockTestExecutionListener.MOCKED_BEANS_LIST' -> list[Mock for type 'WorkManagementService' named 'WorkManagementService', Mock for type 'GenericRestClient' named 'GenericRestClient']]], class annotated with @DirtiesContext [false] with mode [null], method annotated with @DirtiesContext [false] with mode [null].
07:27:30.328 [Test worker] DEBUG org.springframework.test.context.support.DependencyInjectionTestExecutionListener - Performing dependency injection for test context [[DefaultTestContext@204b7989 testClass = PopulateChildMicroServiceSpec, testInstance = com.zions.vsts.services.PopulateChildMicroServiceSpec@abba557, testMethod = [null], testException = [null], mergedContextConfiguration = [MergedContextConfiguration@51de0f76 testClass = PopulateChildMicroServiceSpec, locations = '{}', classes = '{class com.zions.vsts.services.PopulateChildMicroserviceTestConfig}', contextInitializerClasses = '[]', activeProfiles = '{}', propertySourceLocations = '{}', propertySourceProperties = '{}', contextCustomizers = set[org.spockframework.spring.mock.SpockContextCustomizer@0, org.springframework.boot.test.autoconfigure.properties.PropertyMappingContextCustomizer@0, org.springframework.boot.test.autoconfigure.web.servlet.WebDriverContextCustomizerFactory$Customizer@44290e0, org.springframework.boot.test.context.filter.ExcludeFilterContextCustomizer@3d3d95c3, org.springframework.boot.test.json.DuplicateJsonObjectContextCustomizerFactory$DuplicateJsonObjectContextCustomizer@351f7ae7, org.springframework.boot.test.mock.mockito.MockitoContextCustomizer@0], contextLoader = 'org.springframework.test.context.support.DelegatingSmartContextLoader', parent = [null]], attributes = map['org.spockframework.spring.SpringMockTestExecutionListener.MOCKED_BEANS_LIST' -> list[Mock for type 'WorkManagementService' named 'WorkManagementService', Mock for type 'GenericRestClient' named 'GenericRestClient']]]].
07:27:30.329 [Test worker] DEBUG org.springframework.test.context.cache.DefaultCacheAwareContextLoaderDelegate - Retrieved ApplicationContext [211945438] from cache with key [[MergedContextConfiguration@51de0f76 testClass = PopulateChildMicroServiceSpec, locations = '{}', classes = '{class com.zions.vsts.services.PopulateChildMicroserviceTestConfig}', contextInitializerClasses = '[]', activeProfiles = '{}', propertySourceLocations = '{}', propertySourceProperties = '{}', contextCustomizers = set[org.spockframework.spring.mock.SpockContextCustomizer@0, org.springframework.boot.test.autoconfigure.properties.PropertyMappingContextCustomizer@0, org.springframework.boot.test.autoconfigure.web.servlet.WebDriverContextCustomizerFactory$Customizer@44290e0, org.springframework.boot.test.context.filter.ExcludeFilterContextCustomizer@3d3d95c3, org.springframework.boot.test.json.DuplicateJsonObjectContextCustomizerFactory$DuplicateJsonObjectContextCustomizer@351f7ae7, org.springframework.boot.test.mock.mockito.MockitoContextCustomizer@0], contextLoader = 'org.springframework.test.context.support.DelegatingSmartContextLoader', parent = [null]]]
07:27:30.329 [Test worker] DEBUG org.springframework.test.context.cache - Spring test ApplicationContext cache statistics: [DefaultContextCache@78b23213 size = 1, maxSize = 32, parentContextCount = 0, hitCount = 11, missCount = 1]
07:27:30.330 [Test worker] DEBUG org.springframework.test.context.cache.DefaultCacheAwareContextLoaderDelegate - Retrieved ApplicationContext [211945438] from cache with key [[MergedContextConfiguration@51de0f76 testClass = PopulateChildMicroServiceSpec, locations = '{}', classes = '{class com.zions.vsts.services.PopulateChildMicroserviceTestConfig}', contextInitializerClasses = '[]', activeProfiles = '{}', propertySourceLocations = '{}', propertySourceProperties = '{}', contextCustomizers = set[org.spockframework.spring.mock.SpockContextCustomizer@0, org.springframework.boot.test.autoconfigure.properties.PropertyMappingContextCustomizer@0, org.springframework.boot.test.autoconfigure.web.servlet.WebDriverContextCustomizerFactory$Customizer@44290e0, org.springframework.boot.test.context.filter.ExcludeFilterContextCustomizer@3d3d95c3, org.springframework.boot.test.json.DuplicateJsonObjectContextCustomizerFactory$DuplicateJsonObjectContextCustomizer@351f7ae7, org.springframework.boot.test.mock.mockito.MockitoContextCustomizer@0], contextLoader = 'org.springframework.test.context.support.DelegatingSmartContextLoader', parent = [null]]]
07:27:30.330 [Test worker] DEBUG org.springframework.test.context.cache - Spring test ApplicationContext cache statistics: [DefaultContextCache@78b23213 size = 1, maxSize = 32, parentContextCount = 0, hitCount = 12, missCount = 1]
07:27:30.330 [Test worker] DEBUG org.springframework.test.context.cache.DefaultCacheAwareContextLoaderDelegate - Retrieved ApplicationContext [211945438] from cache with key [[MergedContextConfiguration@51de0f76 testClass = PopulateChildMicroServiceSpec, locations = '{}', classes = '{class com.zions.vsts.services.PopulateChildMicroserviceTestConfig}', contextInitializerClasses = '[]', activeProfiles = '{}', propertySourceLocations = '{}', propertySourceProperties = '{}', contextCustomizers = set[org.spockframework.spring.mock.SpockContextCustomizer@0, org.springframework.boot.test.autoconfigure.properties.PropertyMappingContextCustomizer@0, org.springframework.boot.test.autoconfigure.web.servlet.WebDriverContextCustomizerFactory$Customizer@44290e0, org.springframework.boot.test.context.filter.ExcludeFilterContextCustomizer@3d3d95c3, org.springframework.boot.test.json.DuplicateJsonObjectContextCustomizerFactory$DuplicateJsonObjectContextCustomizer@351f7ae7, org.springframework.boot.test.mock.mockito.MockitoContextCustomizer@0], contextLoader = 'org.springframework.test.context.support.DelegatingSmartContextLoader', parent = [null]]]
07:27:30.330 [Test worker] DEBUG org.springframework.test.context.cache - Spring test ApplicationContext cache statistics: [DefaultContextCache@78b23213 size = 1, maxSize = 32, parentContextCount = 0, hitCount = 13, missCount = 1]
07:27:30.331 [Test worker] DEBUG org.springframework.test.context.support.AbstractDirtiesContextTestExecutionListener - Before test method: context [DefaultTestContext@204b7989 testClass = PopulateChildMicroServiceSpec, testInstance = com.zions.vsts.services.PopulateChildMicroServiceSpec@abba557, testMethod = $spock_feature_0_1@PopulateChildMicroServiceSpec, testException = [null], mergedContextConfiguration = [MergedContextConfiguration@51de0f76 testClass = PopulateChildMicroServiceSpec, locations = '{}', classes = '{class com.zions.vsts.services.PopulateChildMicroserviceTestConfig}', contextInitializerClasses = '[]', activeProfiles = '{}', propertySourceLocations = '{}', propertySourceProperties = '{}', contextCustomizers = set[org.spockframework.spring.mock.SpockContextCustomizer@0, org.springframework.boot.test.autoconfigure.properties.PropertyMappingContextCustomizer@0, org.springframework.boot.test.autoconfigure.web.servlet.WebDriverContextCustomizerFactory$Customizer@44290e0, org.springframework.boot.test.context.filter.ExcludeFilterContextCustomizer@3d3d95c3, org.springframework.boot.test.json.DuplicateJsonObjectContextCustomizerFactory$DuplicateJsonObjectContextCustomizer@351f7ae7, org.springframework.boot.test.mock.mockito.MockitoContextCustomizer@0], contextLoader = 'org.springframework.test.context.support.DelegatingSmartContextLoader', parent = [null]], attributes = map['org.spockframework.spring.SpringMockTestExecutionListener.MOCKED_BEANS_LIST' -> list[Mock for type 'WorkManagementService' named 'WorkManagementService', Mock for type 'GenericRestClient' named 'GenericRestClient']]], class annotated with @DirtiesContext [false] with mode [null], method annotated with @DirtiesContext [false] with mode [null].
07:27:30.332 [Test worker] DEBUG org.springframework.test.context.cache.DefaultCacheAwareContextLoaderDelegate - Retrieved ApplicationContext [211945438] from cache with key [[MergedContextConfiguration@51de0f76 testClass = PopulateChildMicroServiceSpec, locations = '{}', classes = '{class com.zions.vsts.services.PopulateChildMicroserviceTestConfig}', contextInitializerClasses = '[]', activeProfiles = '{}', propertySourceLocations = '{}', propertySourceProperties = '{}', contextCustomizers = set[org.spockframework.spring.mock.SpockContextCustomizer@0, org.springframework.boot.test.autoconfigure.properties.PropertyMappingContextCustomizer@0, org.springframework.boot.test.autoconfigure.web.servlet.WebDriverContextCustomizerFactory$Customizer@44290e0, org.springframework.boot.test.context.filter.ExcludeFilterContextCustomizer@3d3d95c3, org.springframework.boot.test.json.DuplicateJsonObjectContextCustomizerFactory$DuplicateJsonObjectContextCustomizer@351f7ae7, org.springframework.boot.test.mock.mockito.MockitoContextCustomizer@0], contextLoader = 'org.springframework.test.context.support.DelegatingSmartContextLoader', parent = [null]]]
07:27:30.332 [Test worker] DEBUG org.springframework.test.context.cache - Spring test ApplicationContext cache statistics: [DefaultContextCache@78b23213 size = 1, maxSize = 32, parentContextCount = 0, hitCount = 14, missCount = 1]
07:27:30.333 [Test worker] DEBUG org.springframework.test.context.cache.DefaultCacheAwareContextLoaderDelegate - Retrieved ApplicationContext [211945438] from cache with key [[MergedContextConfiguration@51de0f76 testClass = PopulateChildMicroServiceSpec, locations = '{}', classes = '{class com.zions.vsts.services.PopulateChildMicroserviceTestConfig}', contextInitializerClasses = '[]', activeProfiles = '{}', propertySourceLocations = '{}', propertySourceProperties = '{}', contextCustomizers = set[org.spockframework.spring.mock.SpockContextCustomizer@0, org.springframework.boot.test.autoconfigure.properties.PropertyMappingContextCustomizer@0, org.springframework.boot.test.autoconfigure.web.servlet.WebDriverContextCustomizerFactory$Customizer@44290e0, org.springframework.boot.test.context.filter.ExcludeFilterContextCustomizer@3d3d95c3, org.springframework.boot.test.json.DuplicateJsonObjectContextCustomizerFactory$DuplicateJsonObjectContextCustomizer@351f7ae7, org.springframework.boot.test.mock.mockito.MockitoContextCustomizer@0], contextLoader = 'org.springframework.test.context.support.DelegatingSmartContextLoader', parent = [null]]]
07:27:30.333 [Test worker] DEBUG org.springframework.test.context.cache - Spring test ApplicationContext cache statistics: [DefaultContextCache@78b23213 size = 1, maxSize = 32, parentContextCount = 0, hitCount = 15, missCount = 1]
07:27:30.333 [Test worker] DEBUG org.springframework.test.context.cache.DefaultCacheAwareContextLoaderDelegate - Retrieved ApplicationContext [211945438] from cache with key [[MergedContextConfiguration@51de0f76 testClass = PopulateChildMicroServiceSpec, locations = '{}', classes = '{class com.zions.vsts.services.PopulateChildMicroserviceTestConfig}', contextInitializerClasses = '[]', activeProfiles = '{}', propertySourceLocations = '{}', propertySourceProperties = '{}', contextCustomizers = set[org.spockframework.spring.mock.SpockContextCustomizer@0, org.springframework.boot.test.autoconfigure.properties.PropertyMappingContextCustomizer@0, org.springframework.boot.test.autoconfigure.web.servlet.WebDriverContextCustomizerFactory$Customizer@44290e0, org.springframework.boot.test.context.filter.ExcludeFilterContextCustomizer@3d3d95c3, org.springframework.boot.test.json.DuplicateJsonObjectContextCustomizerFactory$DuplicateJsonObjectContextCustomizer@351f7ae7, org.springframework.boot.test.mock.mockito.MockitoContextCustomizer@0], contextLoader = 'org.springframework.test.context.support.DelegatingSmartContextLoader', parent = [null]]]
07:27:30.334 [Test worker] DEBUG org.springframework.test.context.cache - Spring test ApplicationContext cache statistics: [DefaultContextCache@78b23213 size = 1, maxSize = 32, parentContextCount = 0, hitCount = 16, missCount = 1]
07:27:30.340 [Test worker] INFO com.zions.vsts.services.PopulateChildMicroService - Entering PopulateChild MicroService:: processADOData
07:27:30.360 [Test worker] INFO com.zions.vsts.services.PopulateChildMicroService - not a valid work item type
07:27:30.361 [Test worker] DEBUG org.springframework.test.context.cache.DefaultCacheAwareContextLoaderDelegate - Retrieved ApplicationContext [211945438] from cache with key [[MergedContextConfiguration@51de0f76 testClass = PopulateChildMicroServiceSpec, locations = '{}', classes = '{class com.zions.vsts.services.PopulateChildMicroserviceTestConfig}', contextInitializerClasses = '[]', activeProfiles = '{}', propertySourceLocations = '{}', propertySourceProperties = '{}', contextCustomizers = set[org.spockframework.spring.mock.SpockContextCustomizer@0, org.springframework.boot.test.autoconfigure.properties.PropertyMappingContextCustomizer@0, org.springframework.boot.test.autoconfigure.web.servlet.WebDriverContextCustomizerFactory$Customizer@44290e0, org.springframework.boot.test.context.filter.ExcludeFilterContextCustomizer@3d3d95c3, org.springframework.boot.test.json.DuplicateJsonObjectContextCustomizerFactory$DuplicateJsonObjectContextCustomizer@351f7ae7, org.springframework.boot.test.mock.mockito.MockitoContextCustomizer@0], contextLoader = 'org.springframework.test.context.support.DelegatingSmartContextLoader', parent = [null]]]
07:27:30.361 [Test worker] DEBUG org.springframework.test.context.cache - Spring test ApplicationContext cache statistics: [DefaultContextCache@78b23213 size = 1, maxSize = 32, parentContextCount = 0, hitCount = 17, missCount = 1]
07:27:30.361 [Test worker] DEBUG org.springframework.test.context.cache.DefaultCacheAwareContextLoaderDelegate - Retrieved ApplicationContext [211945438] from cache with key [[MergedContextConfiguration@51de0f76 testClass = PopulateChildMicroServiceSpec, locations = '{}', classes = '{class com.zions.vsts.services.PopulateChildMicroserviceTestConfig}', contextInitializerClasses = '[]', activeProfiles = '{}', propertySourceLocations = '{}', propertySourceProperties = '{}', contextCustomizers = set[org.spockframework.spring.mock.SpockContextCustomizer@0, org.springframework.boot.test.autoconfigure.properties.PropertyMappingContextCustomizer@0, org.springframework.boot.test.autoconfigure.web.servlet.WebDriverContextCustomizerFactory$Customizer@44290e0, org.springframework.boot.test.context.filter.ExcludeFilterContextCustomizer@3d3d95c3, org.springframework.boot.test.json.DuplicateJsonObjectContextCustomizerFactory$DuplicateJsonObjectContextCustomizer@351f7ae7, org.springframework.boot.test.mock.mockito.MockitoContextCustomizer@0], contextLoader = 'org.springframework.test.context.support.DelegatingSmartContextLoader', parent = [null]]]
07:27:30.362 [Test worker] DEBUG org.springframework.test.context.cache - Spring test ApplicationContext cache statistics: [DefaultContextCache@78b23213 size = 1, maxSize = 32, parentContextCount = 0, hitCount = 18, missCount = 1]
07:27:30.362 [Test worker] DEBUG org.springframework.test.context.cache.DefaultCacheAwareContextLoaderDelegate - Retrieved ApplicationContext [211945438] from cache with key [[MergedContextConfiguration@51de0f76 testClass = PopulateChildMicroServiceSpec, locations = '{}', classes = '{class com.zions.vsts.services.PopulateChildMicroserviceTestConfig}', contextInitializerClasses = '[]', activeProfiles = '{}', propertySourceLocations = '{}', propertySourceProperties = '{}', contextCustomizers = set[org.spockframework.spring.mock.SpockContextCustomizer@0, org.springframework.boot.test.autoconfigure.properties.PropertyMappingContextCustomizer@0, org.springframework.boot.test.autoconfigure.web.servlet.WebDriverContextCustomizerFactory$Customizer@44290e0, org.springframework.boot.test.context.filter.ExcludeFilterContextCustomizer@3d3d95c3, org.springframework.boot.test.json.DuplicateJsonObjectContextCustomizerFactory$DuplicateJsonObjectContextCustomizer@351f7ae7, org.springframework.boot.test.mock.mockito.MockitoContextCustomizer@0], contextLoader = 'org.springframework.test.context.support.DelegatingSmartContextLoader', parent = [null]]]
07:27:30.362 [Test worker] DEBUG org.springframework.test.context.cache - Spring test ApplicationContext cache statistics: [DefaultContextCache@78b23213 size = 1, maxSize = 32, parentContextCount = 0, hitCount = 19, missCount = 1]
07:27:30.362 [Test worker] DEBUG org.springframework.test.context.cache.DefaultCacheAwareContextLoaderDelegate - Retrieved ApplicationContext [211945438] from cache with key [[MergedContextConfiguration@51de0f76 testClass = PopulateChildMicroServiceSpec, locations = '{}', classes = '{class com.zions.vsts.services.PopulateChildMicroserviceTestConfig}', contextInitializerClasses = '[]', activeProfiles = '{}', propertySourceLocations = '{}', propertySourceProperties = '{}', contextCustomizers = set[org.spockframework.spring.mock.SpockContextCustomizer@0, org.springframework.boot.test.autoconfigure.properties.PropertyMappingContextCustomizer@0, org.springframework.boot.test.autoconfigure.web.servlet.WebDriverContextCustomizerFactory$Customizer@44290e0, org.springframework.boot.test.context.filter.ExcludeFilterContextCustomizer@3d3d95c3, org.springframework.boot.test.json.DuplicateJsonObjectContextCustomizerFactory$DuplicateJsonObjectContextCustomizer@351f7ae7, org.springframework.boot.test.mock.mockito.MockitoContextCustomizer@0], contextLoader = 'org.springframework.test.context.support.DelegatingSmartContextLoader', parent = [null]]]
07:27:30.362 [Test worker] DEBUG org.springframework.test.context.cache - Spring test ApplicationContext cache statistics: [DefaultContextCache@78b23213 size = 1, maxSize = 32, parentContextCount = 0, hitCount = 20, missCount = 1]
07:27:30.364 [Test worker] DEBUG org.springframework.test.context.cache.DefaultCacheAwareContextLoaderDelegate - Retrieved ApplicationContext [211945438] from cache with key [[MergedContextConfiguration@51de0f76 testClass = PopulateChildMicroServiceSpec, locations = '{}', classes = '{class com.zions.vsts.services.PopulateChildMicroserviceTestConfig}', contextInitializerClasses = '[]', activeProfiles = '{}', propertySourceLocations = '{}', propertySourceProperties = '{}', contextCustomizers = set[org.spockframework.spring.mock.SpockContextCustomizer@0, org.springframework.boot.test.autoconfigure.properties.PropertyMappingContextCustomizer@0, org.springframework.boot.test.autoconfigure.web.servlet.WebDriverContextCustomizerFactory$Customizer@44290e0, org.springframework.boot.test.context.filter.ExcludeFilterContextCustomizer@3d3d95c3, org.springframework.boot.test.json.DuplicateJsonObjectContextCustomizerFactory$DuplicateJsonObjectContextCustomizer@351f7ae7, org.springframework.boot.test.mock.mockito.MockitoContextCustomizer@0], contextLoader = 'org.springframework.test.context.support.DelegatingSmartContextLoader', parent = [null]]]
07:27:30.364 [Test worker] DEBUG org.springframework.test.context.cache - Spring test ApplicationContext cache statistics: [DefaultContextCache@78b23213 size = 1, maxSize = 32, parentContextCount = 0, hitCount = 21, missCount = 1]
07:27:30.366 [Test worker] DEBUG org.springframework.test.context.support.AbstractDirtiesContextTestExecutionListener - After test method: context [DefaultTestContext@204b7989 testClass = PopulateChildMicroServiceSpec, testInstance = com.zions.vsts.services.PopulateChildMicroServiceSpec@abba557, testMethod = $spock_feature_0_1@PopulateChildMicroServiceSpec, testException = [null], mergedContextConfiguration = [MergedContextConfiguration@51de0f76 testClass = PopulateChildMicroServiceSpec, locations = '{}', classes = '{class com.zions.vsts.services.PopulateChildMicroserviceTestConfig}', contextInitializerClasses = '[]', activeProfiles = '{}', propertySourceLocations = '{}', propertySourceProperties = '{}', contextCustomizers = set[org.spockframework.spring.mock.SpockContextCustomizer@0, org.springframework.boot.test.autoconfigure.properties.PropertyMappingContextCustomizer@0, org.springframework.boot.test.autoconfigure.web.servlet.WebDriverContextCustomizerFactory$Customizer@44290e0, org.springframework.boot.test.context.filter.ExcludeFilterContextCustomizer@3d3d95c3, org.springframework.boot.test.json.DuplicateJsonObjectContextCustomizerFactory$DuplicateJsonObjectContextCustomizer@351f7ae7, org.springframework.boot.test.mock.mockito.MockitoContextCustomizer@0], contextLoader = 'org.springframework.test.context.support.DelegatingSmartContextLoader', parent = [null]], attributes = map['org.spockframework.spring.SpringMockTestExecutionListener.MOCKED_BEANS_LIST' -> list[Mock for type 'WorkManagementService' named 'WorkManagementService', Mock for type 'GenericRestClient' named 'GenericRestClient']]], class annotated with @DirtiesContext [false] with mode [null], method annotated with @DirtiesContext [false] with mode [null].
07:27:30.367 [Test worker] DEBUG org.springframework.test.context.support.DependencyInjectionTestExecutionListener - Performing dependency injection for test context [[DefaultTestContext@204b7989 testClass = PopulateChildMicroServiceSpec, testInstance = com.zions.vsts.services.PopulateChildMicroServiceSpec@55943fe0, testMethod = [null], testException = [null], mergedContextConfiguration = [MergedContextConfiguration@51de0f76 testClass = PopulateChildMicroServiceSpec, locations = '{}', classes = '{class com.zions.vsts.services.PopulateChildMicroserviceTestConfig}', contextInitializerClasses = '[]', activeProfiles = '{}', propertySourceLocations = '{}', propertySourceProperties = '{}', contextCustomizers = set[org.spockframework.spring.mock.SpockContextCustomizer@0, org.springframework.boot.test.autoconfigure.properties.PropertyMappingContextCustomizer@0, org.springframework.boot.test.autoconfigure.web.servlet.WebDriverContextCustomizerFactory$Customizer@44290e0, org.springframework.boot.test.context.filter.ExcludeFilterContextCustomizer@3d3d95c3, org.springframework.boot.test.json.DuplicateJsonObjectContextCustomizerFactory$DuplicateJsonObjectContextCustomizer@351f7ae7, org.springframework.boot.test.mock.mockito.MockitoContextCustomizer@0], contextLoader = 'org.springframework.test.context.support.DelegatingSmartContextLoader', parent = [null]], attributes = map['org.spockframework.spring.SpringMockTestExecutionListener.MOCKED_BEANS_LIST' -> list[Mock for type 'WorkManagementService' named 'WorkManagementService', Mock for type 'GenericRestClient' named 'GenericRestClient']]]].
07:27:30.368 [Test worker] DEBUG org.springframework.test.context.cache.DefaultCacheAwareContextLoaderDelegate - Retrieved ApplicationContext [211945438] from cache with key [[MergedContextConfiguration@51de0f76 testClass = PopulateChildMicroServiceSpec, locations = '{}', classes = '{class com.zions.vsts.services.PopulateChildMicroserviceTestConfig}', contextInitializerClasses = '[]', activeProfiles = '{}', propertySourceLocations = '{}', propertySourceProperties = '{}', contextCustomizers = set[org.spockframework.spring.mock.SpockContextCustomizer@0, org.springframework.boot.test.autoconfigure.properties.PropertyMappingContextCustomizer@0, org.springframework.boot.test.autoconfigure.web.servlet.WebDriverContextCustomizerFactory$Customizer@44290e0, org.springframework.boot.test.context.filter.ExcludeFilterContextCustomizer@3d3d95c3, org.springframework.boot.test.json.DuplicateJsonObjectContextCustomizerFactory$DuplicateJsonObjectContextCustomizer@351f7ae7, org.springframework.boot.test.mock.mockito.MockitoContextCustomizer@0], contextLoader = 'org.springframework.test.context.support.DelegatingSmartContextLoader', parent = [null]]]
07:27:30.368 [Test worker] DEBUG org.springframework.test.context.cache - Spring test ApplicationContext cache statistics: [DefaultContextCache@78b23213 size = 1, maxSize = 32, parentContextCount = 0, hitCount = 22, missCount = 1]
07:27:30.369 [Test worker] DEBUG org.springframework.test.context.cache.DefaultCacheAwareContextLoaderDelegate - Retrieved ApplicationContext [211945438] from cache with key [[MergedContextConfiguration@51de0f76 testClass = PopulateChildMicroServiceSpec, locations = '{}', classes = '{class com.zions.vsts.services.PopulateChildMicroserviceTestConfig}', contextInitializerClasses = '[]', activeProfiles = '{}', propertySourceLocations = '{}', propertySourceProperties = '{}', contextCustomizers = set[org.spockframework.spring.mock.SpockContextCustomizer@0, org.springframework.boot.test.autoconfigure.properties.PropertyMappingContextCustomizer@0, org.springframework.boot.test.autoconfigure.web.servlet.WebDriverContextCustomizerFactory$Customizer@44290e0, org.springframework.boot.test.context.filter.ExcludeFilterContextCustomizer@3d3d95c3, org.springframework.boot.test.json.DuplicateJsonObjectContextCustomizerFactory$DuplicateJsonObjectContextCustomizer@351f7ae7, org.springframework.boot.test.mock.mockito.MockitoContextCustomizer@0], contextLoader = 'org.springframework.test.context.support.DelegatingSmartContextLoader', parent = [null]]]
07:27:30.369 [Test worker] DEBUG org.springframework.test.context.cache - Spring test ApplicationContext cache statistics: [DefaultContextCache@78b23213 size = 1, maxSize = 32, parentContextCount = 0, hitCount = 23, missCount = 1]
07:27:30.370 [Test worker] DEBUG org.springframework.test.context.cache.DefaultCacheAwareContextLoaderDelegate - Retrieved ApplicationContext [211945438] from cache with key [[MergedContextConfiguration@51de0f76 testClass = PopulateChildMicroServiceSpec, locations = '{}', classes = '{class com.zions.vsts.services.PopulateChildMicroserviceTestConfig}', contextInitializerClasses = '[]', activeProfiles = '{}', propertySourceLocations = '{}', propertySourceProperties = '{}', contextCustomizers = set[org.spockframework.spring.mock.SpockContextCustomizer@0, org.springframework.boot.test.autoconfigure.properties.PropertyMappingContextCustomizer@0, org.springframework.boot.test.autoconfigure.web.servlet.WebDriverContextCustomizerFactory$Customizer@44290e0, org.springframework.boot.test.context.filter.ExcludeFilterContextCustomizer@3d3d95c3, org.springframework.boot.test.json.DuplicateJsonObjectContextCustomizerFactory$DuplicateJsonObjectContextCustomizer@351f7ae7, org.springframework.boot.test.mock.mockito.MockitoContextCustomizer@0], contextLoader = 'org.springframework.test.context.support.DelegatingSmartContextLoader', parent = [null]]]
07:27:30.371 [Test worker] DEBUG org.springframework.test.context.cache - Spring test ApplicationContext cache statistics: [DefaultContextCache@78b23213 size = 1, maxSize = 32, parentContextCount = 0, hitCount = 24, missCount = 1]
07:27:30.373 [Test worker] DEBUG org.springframework.test.context.support.AbstractDirtiesContextTestExecutionListener - Before test method: context [DefaultTestContext@204b7989 testClass = PopulateChildMicroServiceSpec, testInstance = com.zions.vsts.services.PopulateChildMicroServiceSpec@55943fe0, testMethod = $spock_feature_0_2@PopulateChildMicroServiceSpec, testException = [null], mergedContextConfiguration = [MergedContextConfiguration@51de0f76 testClass = PopulateChildMicroServiceSpec, locations = '{}', classes = '{class com.zions.vsts.services.PopulateChildMicroserviceTestConfig}', contextInitializerClasses = '[]', activeProfiles = '{}', propertySourceLocations = '{}', propertySourceProperties = '{}', contextCustomizers = set[org.spockframework.spring.mock.SpockContextCustomizer@0, org.springframework.boot.test.autoconfigure.properties.PropertyMappingContextCustomizer@0, org.springframework.boot.test.autoconfigure.web.servlet.WebDriverContextCustomizerFactory$Customizer@44290e0, org.springframework.boot.test.context.filter.ExcludeFilterContextCustomizer@3d3d95c3, org.springframework.boot.test.json.DuplicateJsonObjectContextCustomizerFactory$DuplicateJsonObjectContextCustomizer@351f7ae7, org.springframework.boot.test.mock.mockito.MockitoContextCustomizer@0], contextLoader = 'org.springframework.test.context.support.DelegatingSmartContextLoader', parent = [null]], attributes = map['org.spockframework.spring.SpringMockTestExecutionListener.MOCKED_BEANS_LIST' -> list[Mock for type 'WorkManagementService' named 'WorkManagementService', Mock for type 'GenericRestClient' named 'GenericRestClient']]], class annotated with @DirtiesContext [false] with mode [null], method annotated with @DirtiesContext [false] with mode [null].
07:27:30.375 [Test worker] DEBUG org.springframework.test.context.cache.DefaultCacheAwareContextLoaderDelegate - Retrieved ApplicationContext [211945438] from cache with key [[MergedContextConfiguration@51de0f76 testClass = PopulateChildMicroServiceSpec, locations = '{}', classes = '{class com.zions.vsts.services.PopulateChildMicroserviceTestConfig}', contextInitializerClasses = '[]', activeProfiles = '{}', propertySourceLocations = '{}', propertySourceProperties = '{}', contextCustomizers = set[org.spockframework.spring.mock.SpockContextCustomizer@0, org.springframework.boot.test.autoconfigure.properties.PropertyMappingContextCustomizer@0, org.springframework.boot.test.autoconfigure.web.servlet.WebDriverContextCustomizerFactory$Customizer@44290e0, org.springframework.boot.test.context.filter.ExcludeFilterContextCustomizer@3d3d95c3, org.springframework.boot.test.json.DuplicateJsonObjectContextCustomizerFactory$DuplicateJsonObjectContextCustomizer@351f7ae7, org.springframework.boot.test.mock.mockito.MockitoContextCustomizer@0], contextLoader = 'org.springframework.test.context.support.DelegatingSmartContextLoader', parent = [null]]]
07:27:30.375 [Test worker] DEBUG org.springframework.test.context.cache - Spring test ApplicationContext cache statistics: [DefaultContextCache@78b23213 size = 1, maxSize = 32, parentContextCount = 0, hitCount = 25, missCount = 1]
07:27:30.377 [Test worker] DEBUG org.springframework.test.context.cache.DefaultCacheAwareContextLoaderDelegate - Retrieved ApplicationContext [211945438] from cache with key [[MergedContextConfiguration@51de0f76 testClass = PopulateChildMicroServiceSpec, locations = '{}', classes = '{class com.zions.vsts.services.PopulateChildMicroserviceTestConfig}', contextInitializerClasses = '[]', activeProfiles = '{}', propertySourceLocations = '{}', propertySourceProperties = '{}', contextCustomizers = set[org.spockframework.spring.mock.SpockContextCustomizer@0, org.springframework.boot.test.autoconfigure.properties.PropertyMappingContextCustomizer@0, org.springframework.boot.test.autoconfigure.web.servlet.WebDriverContextCustomizerFactory$Customizer@44290e0, org.springframework.boot.test.context.filter.ExcludeFilterContextCustomizer@3d3d95c3, org.springframework.boot.test.json.DuplicateJsonObjectContextCustomizerFactory$DuplicateJsonObjectContextCustomizer@351f7ae7, org.springframework.boot.test.mock.mockito.MockitoContextCustomizer@0], contextLoader = 'org.springframework.test.context.support.DelegatingSmartContextLoader', parent = [null]]]
07:27:30.377 [Test worker] DEBUG org.springframework.test.context.cache - Spring test ApplicationContext cache statistics: [DefaultContextCache@78b23213 size = 1, maxSize = 32, parentContextCount = 0, hitCount = 26, missCount = 1]
07:27:30.377 [Test worker] DEBUG org.springframework.test.context.cache.DefaultCacheAwareContextLoaderDelegate - Retrieved ApplicationContext [211945438] from cache with key [[MergedContextConfiguration@51de0f76 testClass = PopulateChildMicroServiceSpec, locations = '{}', classes = '{class com.zions.vsts.services.PopulateChildMicroserviceTestConfig}', contextInitializerClasses = '[]', activeProfiles = '{}', propertySourceLocations = '{}', propertySourceProperties = '{}', contextCustomizers = set[org.spockframework.spring.mock.SpockContextCustomizer@0, org.springframework.boot.test.autoconfigure.properties.PropertyMappingContextCustomizer@0, org.springframework.boot.test.autoconfigure.web.servlet.WebDriverContextCustomizerFactory$Customizer@44290e0, org.springframework.boot.test.context.filter.ExcludeFilterContextCustomizer@3d3d95c3, org.springframework.boot.test.json.DuplicateJsonObjectContextCustomizerFactory$DuplicateJsonObjectContextCustomizer@351f7ae7, org.springframework.boot.test.mock.mockito.MockitoContextCustomizer@0], contextLoader = 'org.springframework.test.context.support.DelegatingSmartContextLoader', parent = [null]]]
07:27:30.377 [Test worker] DEBUG org.springframework.test.context.cache - Spring test ApplicationContext cache statistics: [DefaultContextCache@78b23213 size = 1, maxSize = 32, parentContextCount = 0, hitCount = 27, missCount = 1]
07:27:30.390 [Test worker] INFO com.zions.vsts.services.PopulateChildMicroService - Entering PopulateChild MicroService:: processADOData
07:27:30.391 [Test worker] INFO com.zions.vsts.services.PopulateChildMicroService - child not present
07:27:30.391 [Test worker] DEBUG org.springframework.test.context.cache.DefaultCacheAwareContextLoaderDelegate - Retrieved ApplicationContext [211945438] from cache with key [[MergedContextConfiguration@51de0f76 testClass = PopulateChildMicroServiceSpec, locations = '{}', classes = '{class com.zions.vsts.services.PopulateChildMicroserviceTestConfig}', contextInitializerClasses = '[]', activeProfiles = '{}', propertySourceLocations = '{}', propertySourceProperties = '{}', contextCustomizers = set[org.spockframework.spring.mock.SpockContextCustomizer@0, org.springframework.boot.test.autoconfigure.properties.PropertyMappingContextCustomizer@0, org.springframework.boot.test.autoconfigure.web.servlet.WebDriverContextCustomizerFactory$Customizer@44290e0, org.springframework.boot.test.context.filter.ExcludeFilterContextCustomizer@3d3d95c3, org.springframework.boot.test.json.DuplicateJsonObjectContextCustomizerFactory$DuplicateJsonObjectContextCustomizer@351f7ae7, org.springframework.boot.test.mock.mockito.MockitoContextCustomizer@0], contextLoader = 'org.springframework.test.context.support.DelegatingSmartContextLoader', parent = [null]]]
07:27:30.391 [Test worker] DEBUG org.springframework.test.context.cache - Spring test ApplicationContext cache statistics: [DefaultContextCache@78b23213 size = 1, maxSize = 32, parentContextCount = 0, hitCount = 28, missCount = 1]
07:27:30.392 [Test worker] DEBUG org.springframework.test.context.cache.DefaultCacheAwareContextLoaderDelegate - Retrieved ApplicationContext [211945438] from cache with key [[MergedContextConfiguration@51de0f76 testClass = PopulateChildMicroServiceSpec, locations = '{}', classes = '{class com.zions.vsts.services.PopulateChildMicroserviceTestConfig}', contextInitializerClasses = '[]', activeProfiles = '{}', propertySourceLocations = '{}', propertySourceProperties = '{}', contextCustomizers = set[org.spockframework.spring.mock.SpockContextCustomizer@0, org.springframework.boot.test.autoconfigure.properties.PropertyMappingContextCustomizer@0, org.springframework.boot.test.autoconfigure.web.servlet.WebDriverContextCustomizerFactory$Customizer@44290e0, org.springframework.boot.test.context.filter.ExcludeFilterContextCustomizer@3d3d95c3, org.springframework.boot.test.json.DuplicateJsonObjectContextCustomizerFactory$DuplicateJsonObjectContextCustomizer@351f7ae7, org.springframework.boot.test.mock.mockito.MockitoContextCustomizer@0], contextLoader = 'org.springframework.test.context.support.DelegatingSmartContextLoader', parent = [null]]]
07:27:30.392 [Test worker] DEBUG org.springframework.test.context.cache - Spring test ApplicationContext cache statistics: [DefaultContextCache@78b23213 size = 1, maxSize = 32, parentContextCount = 0, hitCount = 29, missCount = 1]
07:27:30.392 [Test worker] DEBUG org.springframework.test.context.cache.DefaultCacheAwareContextLoaderDelegate - Retrieved ApplicationContext [211945438] from cache with key [[MergedContextConfiguration@51de0f76 testClass = PopulateChildMicroServiceSpec, locations = '{}', classes = '{class com.zions.vsts.services.PopulateChildMicroserviceTestConfig}', contextInitializerClasses = '[]', activeProfiles = '{}', propertySourceLocations = '{}', propertySourceProperties = '{}', contextCustomizers = set[org.spockframework.spring.mock.SpockContextCustomizer@0, org.springframework.boot.test.autoconfigure.properties.PropertyMappingContextCustomizer@0, org.springframework.boot.test.autoconfigure.web.servlet.WebDriverContextCustomizerFactory$Customizer@44290e0, org.springframework.boot.test.context.filter.ExcludeFilterContextCustomizer@3d3d95c3, org.springframework.boot.test.json.DuplicateJsonObjectContextCustomizerFactory$DuplicateJsonObjectContextCustomizer@351f7ae7, org.springframework.boot.test.mock.mockito.MockitoContextCustomizer@0], contextLoader = 'org.springframework.test.context.support.DelegatingSmartContextLoader', parent = [null]]]
07:27:30.392 [Test worker] DEBUG org.springframework.test.context.cache - Spring test ApplicationContext cache statistics: [DefaultContextCache@78b23213 size = 1, maxSize = 32, parentContextCount = 0, hitCount = 30, missCount = 1]
07:27:30.392 [Test worker] DEBUG org.springframework.test.context.cache.DefaultCacheAwareContextLoaderDelegate - Retrieved ApplicationContext [211945438] from cache with key [[MergedContextConfiguration@51de0f76 testClass = PopulateChildMicroServiceSpec, locations = '{}', classes = '{class com.zions.vsts.services.PopulateChildMicroserviceTestConfig}', contextInitializerClasses = '[]', activeProfiles = '{}', propertySourceLocations = '{}', propertySourceProperties = '{}', contextCustomizers = set[org.spockframework.spring.mock.SpockContextCustomizer@0, org.springframework.boot.test.autoconfigure.properties.PropertyMappingContextCustomizer@0, org.springframework.boot.test.autoconfigure.web.servlet.WebDriverContextCustomizerFactory$Customizer@44290e0, org.springframework.boot.test.context.filter.ExcludeFilterContextCustomizer@3d3d95c3, org.springframework.boot.test.json.DuplicateJsonObjectContextCustomizerFactory$DuplicateJsonObjectContextCustomizer@351f7ae7, org.springframework.boot.test.mock.mockito.MockitoContextCustomizer@0], contextLoader = 'org.springframework.test.context.support.DelegatingSmartContextLoader', parent = [null]]]
07:27:30.392 [Test worker] DEBUG org.springframework.test.context.cache - Spring test ApplicationContext cache statistics: [DefaultContextCache@78b23213 size = 1, maxSize = 32, parentContextCount = 0, hitCount = 31, missCount = 1]
07:27:30.394 [Test worker] DEBUG org.springframework.test.context.cache.DefaultCacheAwareContextLoaderDelegate - Retrieved ApplicationContext [211945438] from cache with key [[MergedContextConfiguration@51de0f76 testClass = PopulateChildMicroServiceSpec, locations = '{}', classes = '{class com.zions.vsts.services.PopulateChildMicroserviceTestConfig}', contextInitializerClasses = '[]', activeProfiles = '{}', propertySourceLocations = '{}', propertySourceProperties = '{}', contextCustomizers = set[org.spockframework.spring.mock.SpockContextCustomizer@0, org.springframework.boot.test.autoconfigure.properties.PropertyMappingContextCustomizer@0, org.springframework.boot.test.autoconfigure.web.servlet.WebDriverContextCustomizerFactory$Customizer@44290e0, org.springframework.boot.test.context.filter.ExcludeFilterContextCustomizer@3d3d95c3, org.springframework.boot.test.json.DuplicateJsonObjectContextCustomizerFactory$DuplicateJsonObjectContextCustomizer@351f7ae7, org.springframework.boot.test.mock.mockito.MockitoContextCustomizer@0], contextLoader = 'org.springframework.test.context.support.DelegatingSmartContextLoader', parent = [null]]]
07:27:30.394 [Test worker] DEBUG org.springframework.test.context.cache - Spring test ApplicationContext cache statistics: [DefaultContextCache@78b23213 size = 1, maxSize = 32, parentContextCount = 0, hitCount = 32, missCount = 1]
07:27:30.395 [Test worker] DEBUG org.springframework.test.context.support.AbstractDirtiesContextTestExecutionListener - After test method: context [DefaultTestContext@204b7989 testClass = PopulateChildMicroServiceSpec, testInstance = com.zions.vsts.services.PopulateChildMicroServiceSpec@55943fe0, testMethod = $spock_feature_0_2@PopulateChildMicroServiceSpec, testException = [null], mergedContextConfiguration = [MergedContextConfiguration@51de0f76 testClass = PopulateChildMicroServiceSpec, locations = '{}', classes = '{class com.zions.vsts.services.PopulateChildMicroserviceTestConfig}', contextInitializerClasses = '[]', activeProfiles = '{}', propertySourceLocations = '{}', propertySourceProperties = '{}', contextCustomizers = set[org.spockframework.spring.mock.SpockContextCustomizer@0, org.springframework.boot.test.autoconfigure.properties.PropertyMappingContextCustomizer@0, org.springframework.boot.test.autoconfigure.web.servlet.WebDriverContextCustomizerFactory$Customizer@44290e0, org.springframework.boot.test.context.filter.ExcludeFilterContextCustomizer@3d3d95c3, org.springframework.boot.test.json.DuplicateJsonObjectContextCustomizerFactory$DuplicateJsonObjectContextCustomizer@351f7ae7, org.springframework.boot.test.mock.mockito.MockitoContextCustomizer@0], contextLoader = 'org.springframework.test.context.support.DelegatingSmartContextLoader', parent = [null]], attributes = map['org.spockframework.spring.SpringMockTestExecutionListener.MOCKED_BEANS_LIST' -> list[Mock for type 'WorkManagementService' named 'WorkManagementService', Mock for type 'GenericRestClient' named 'GenericRestClient']]], class annotated with @DirtiesContext [false] with mode [null], method annotated with @DirtiesContext [false] with mode [null].
07:27:30.396 [Test worker] DEBUG org.springframework.test.context.support.DependencyInjectionTestExecutionListener - Performing dependency injection for test context [[DefaultTestContext@204b7989 testClass = PopulateChildMicroServiceSpec, testInstance = com.zions.vsts.services.PopulateChildMicroServiceSpec@2d2a918, testMethod = [null], testException = [null], mergedContextConfiguration = [MergedContextConfiguration@51de0f76 testClass = PopulateChildMicroServiceSpec, locations = '{}', classes = '{class com.zions.vsts.services.PopulateChildMicroserviceTestConfig}', contextInitializerClasses = '[]', activeProfiles = '{}', propertySourceLocations = '{}', propertySourceProperties = '{}', contextCustomizers = set[org.spockframework.spring.mock.SpockContextCustomizer@0, org.springframework.boot.test.autoconfigure.properties.PropertyMappingContextCustomizer@0, org.springframework.boot.test.autoconfigure.web.servlet.WebDriverContextCustomizerFactory$Customizer@44290e0, org.springframework.boot.test.context.filter.ExcludeFilterContextCustomizer@3d3d95c3, org.springframework.boot.test.json.DuplicateJsonObjectContextCustomizerFactory$DuplicateJsonObjectContextCustomizer@351f7ae7, org.springframework.boot.test.mock.mockito.MockitoContextCustomizer@0], contextLoader = 'org.springframework.test.context.support.DelegatingSmartContextLoader', parent = [null]], attributes = map['org.spockframework.spring.SpringMockTestExecutionListener.MOCKED_BEANS_LIST' -> list[Mock for type 'WorkManagementService' named 'WorkManagementService', Mock for type 'GenericRestClient' named 'GenericRestClient']]]].
07:27:30.396 [Test worker] DEBUG org.springframework.test.context.cache.DefaultCacheAwareContextLoaderDelegate - Retrieved ApplicationContext [211945438] from cache with key [[MergedContextConfiguration@51de0f76 testClass = PopulateChildMicroServiceSpec, locations = '{}', classes = '{class com.zions.vsts.services.PopulateChildMicroserviceTestConfig}', contextInitializerClasses = '[]', activeProfiles = '{}', propertySourceLocations = '{}', propertySourceProperties = '{}', contextCustomizers = set[org.spockframework.spring.mock.SpockContextCustomizer@0, org.springframework.boot.test.autoconfigure.properties.PropertyMappingContextCustomizer@0, org.springframework.boot.test.autoconfigure.web.servlet.WebDriverContextCustomizerFactory$Customizer@44290e0, org.springframework.boot.test.context.filter.ExcludeFilterContextCustomizer@3d3d95c3, org.springframework.boot.test.json.DuplicateJsonObjectContextCustomizerFactory$DuplicateJsonObjectContextCustomizer@351f7ae7, org.springframework.boot.test.mock.mockito.MockitoContextCustomizer@0], contextLoader = 'org.springframework.test.context.support.DelegatingSmartContextLoader', parent = [null]]]
07:27:30.396 [Test worker] DEBUG org.springframework.test.context.cache - Spring test ApplicationContext cache statistics: [DefaultContextCache@78b23213 size = 1, maxSize = 32, parentContextCount = 0, hitCount = 33, missCount = 1]
07:27:30.397 [Test worker] DEBUG org.springframework.test.context.cache.DefaultCacheAwareContextLoaderDelegate - Retrieved ApplicationContext [211945438] from cache with key [[MergedContextConfiguration@51de0f76 testClass = PopulateChildMicroServiceSpec, locations = '{}', classes = '{class com.zions.vsts.services.PopulateChildMicroserviceTestConfig}', contextInitializerClasses = '[]', activeProfiles = '{}', propertySourceLocations = '{}', propertySourceProperties = '{}', contextCustomizers = set[org.spockframework.spring.mock.SpockContextCustomizer@0, org.springframework.boot.test.autoconfigure.properties.PropertyMappingContextCustomizer@0, org.springframework.boot.test.autoconfigure.web.servlet.WebDriverContextCustomizerFactory$Customizer@44290e0, org.springframework.boot.test.context.filter.ExcludeFilterContextCustomizer@3d3d95c3, org.springframework.boot.test.json.DuplicateJsonObjectContextCustomizerFactory$DuplicateJsonObjectContextCustomizer@351f7ae7, org.springframework.boot.test.mock.mockito.MockitoContextCustomizer@0], contextLoader = 'org.springframework.test.context.support.DelegatingSmartContextLoader', parent = [null]]]
07:27:30.397 [Test worker] DEBUG org.springframework.test.context.cache - Spring test ApplicationContext cache statistics: [DefaultContextCache@78b23213 size = 1, maxSize = 32, parentContextCount = 0, hitCount = 34, missCount = 1]
07:27:30.397 [Test worker] DEBUG org.springframework.test.context.cache.DefaultCacheAwareContextLoaderDelegate - Retrieved ApplicationContext [211945438] from cache with key [[MergedContextConfiguration@51de0f76 testClass = PopulateChildMicroServiceSpec, locations = '{}', classes = '{class com.zions.vsts.services.PopulateChildMicroserviceTestConfig}', contextInitializerClasses = '[]', activeProfiles = '{}', propertySourceLocations = '{}', propertySourceProperties = '{}', contextCustomizers = set[org.spockframework.spring.mock.SpockContextCustomizer@0, org.springframework.boot.test.autoconfigure.properties.PropertyMappingContextCustomizer@0, org.springframework.boot.test.autoconfigure.web.servlet.WebDriverContextCustomizerFactory$Customizer@44290e0, org.springframework.boot.test.context.filter.ExcludeFilterContextCustomizer@3d3d95c3, org.springframework.boot.test.json.DuplicateJsonObjectContextCustomizerFactory$DuplicateJsonObjectContextCustomizer@351f7ae7, org.springframework.boot.test.mock.mockito.MockitoContextCustomizer@0], contextLoader = 'org.springframework.test.context.support.DelegatingSmartContextLoader', parent = [null]]]
07:27:30.397 [Test worker] DEBUG org.springframework.test.context.cache - Spring test ApplicationContext cache statistics: [DefaultContextCache@78b23213 size = 1, maxSize = 32, parentContextCount = 0, hitCount = 35, missCount = 1]
[...]
07:27:30.403 [Test worker] DEBUG org.springframework.test.context.cache - Spring test ApplicationContext cache statistics: [DefaultContextCache@78b23213 size = 1, maxSize = 32, parentContextCount = 0, hitCount = 38, missCount = 1]
07:27:30.417 [Test worker] INFO com.zions.vsts.services.PopulateChildMicroService - Entering PopulateChild MicroService:: processADOData
[
    {
        "id": 947846,
        "rev": 4,
        "fields": {
            "System.Id": 947846,
            "System.AreaId": 132,
            "System.AreaPath": "ALMOpsTest",
            "System.TeamProject": "ALMOpsTest",
            "System.NodeName": "ALMOpsTest",
            "System.AreaLevel1": "ALMOpsTest",
            "System.Rev": 4,
            "System.AuthorizedDate": "2020-05-22T14:10:22.757Z",
            "System.RevisedDate": "9999-01-01T00:00:00Z",
            "System.IterationId": 127,
            "System.IterationPath": "ALMOpsTest",
            "System.IterationLevel1": "ALMOpsTest",
            "System.WorkItemType": "Feature",
            "System.State": "New",
            "System.Reason": "New",
            "System.CreatedDate": "2020-05-19T21:33:54.047Z",
            "System.CreatedBy": "Michael Angelastro <Michael.Angelastro@zionsbancorp.com>",
            "System.ChangedDate": "2020-05-22T14:10:22.757Z",
            "System.ChangedBy": "Michael Angelastro <Michael.Angelastro@zionsbancorp.com>",
            "System.AuthorizedAs": "Michael Angelastro <Michael.Angelastro@zionsbancorp.com>",
            "System.PersonId": 88125542,
            "System.Watermark": 327840,
            "System.CommentCount": 0,
            "System.Title": "test 2",
            "System.BoardColumn": "New",
            "System.BoardColumnDone": false,
            "Microsoft.VSTS.Common.StateChangeDate": "2020-05-19T21:33:54.047Z",
            "Microsoft.VSTS.Common.Priority": 2,
            "Microsoft.VSTS.Common.ValueArea": "Business",
            "WEF_A65F5E5FB82343678651807606F5E9BB_System.ExtensionMarker": true,
            "WEF_A65F5E5FB82343678651807606F5E9BB_Kanban.Column": "New",
            "WEF_A65F5E5FB82343678651807606F5E9BB_Kanban.Column.Done": false,
            "System.Parent": 947844
        },
        "relations": [
            {
                "rel": "System.LinkTypes.Hierarchy-Reverse",
                "url": "https://dev.azure.com/eto-dev/_apis/wit/workItems/947844",
                "attributes": {
                    "isLocked": false,
                    "name": "Parent"
                }
            }
        ],
        "_links": {
            "self": {
                "href": "https://dev.azure.com/eto-dev/_apis/wit/workItems/947846"
            },
            "workItemUpdates": {
                "href": "https://dev.azure.com/eto-dev/_apis/wit/workItems/947846/updates"
            },
            "workItemRevisions": {
                "href": "https://dev.azure.com/eto-dev/_apis/wit/workItems/947846/revisions"
            },
            "workItemHistory": {
                "href": "https://dev.azure.com/eto-dev/_apis/wit/workItems/947846/history"
            },
            "html": {
                "href": "https://dev.azure.com/eto-dev/030d62a4-ce8b-405e-a331-8678df1a6efe/_workitems/edit/947846"
            },
            "workItemType": {
                "href": "https://dev.azure.com/eto-dev/030d62a4-ce8b-405e-a331-8678df1a6efe/_apis/wit/workItemTypes/Feature"
            },
            "fields": {
                "href": "https://dev.azure.com/eto-dev/_apis/wit/fields"
            }
        },
        "url": "https://dev.azure.com/eto-dev/_apis/wit/workItems/947846"
    },
    {
        "id": 947845,
        "rev": 4,
        "fields": {
            "System.Id": 947845,
            "System.AreaId": 132,
            "System.AreaPath": "ALMOpsTest",
            "System.TeamProject": "ALMOpsTest",
            "System.NodeName": "ALMOpsTest",
            "System.AreaLevel1": "ALMOpsTest",
            "System.Rev": 4,
            "System.AuthorizedDate": "2020-05-22T14:10:03.81Z",
            "System.RevisedDate": "9999-01-01T00:00:00Z",
            "System.IterationId": 127,
            "System.IterationPath": "ALMOpsTest",
            "System.IterationLevel1": "ALMOpsTest",
            "System.WorkItemType": "Feature",
            "System.State": "New",
            "System.Reason": "New",
            "System.CreatedDate": "2020-05-19T21:33:33.593Z",
            "System.CreatedBy": "Michael Angelastro <Michael.Angelastro@zionsbancorp.com>",
            "System.ChangedDate": "2020-05-22T14:10:03.81Z",
            "System.ChangedBy": "Michael Angelastro <Michael.Angelastro@zionsbancorp.com>",
            "System.AuthorizedAs": "Michael Angelastro <Michael.Angelastro@zionsbancorp.com>",
            "System.PersonId": 88125542,
            "System.Watermark": 327839,
            "System.CommentCount": 0,
            "System.Title": "test",
            "System.BoardColumn": "New",
            "System.BoardColumnDone": false,
            "Microsoft.VSTS.Common.StateChangeDate": "2020-05-19T21:33:33.593Z",
            "Microsoft.VSTS.Common.Priority": 2,
            "Microsoft.VSTS.Common.ValueArea": "Business",
            "WEF_A65F5E5FB82343678651807606F5E9BB_System.ExtensionMarker": true,
            "WEF_A65F5E5FB82343678651807606F5E9BB_Kanban.Column": "New",
            "WEF_A65F5E5FB82343678651807606F5E9BB_Kanban.Column.Done": false,
            "System.Parent": 947844
        },
        "relations": [
            {
                "rel": "System.LinkTypes.Hierarchy-Reverse",
                "url": "https://dev.azure.com/eto-dev/_apis/wit/workItems/947844",
                "attributes": {
                    "isLocked": false,
                    "name": "Parent"
                }
            }
        ],
        "_links": {
            "self": {
                "href": "https://dev.azure.com/eto-dev/_apis/wit/workItems/947845"
            },
            "workItemUpdates": {
                "href": "https://dev.azure.com/eto-dev/_apis/wit/workItems/947845/updates"
            },
            "workItemRevisions": {
                "href": "https://dev.azure.com/eto-dev/_apis/wit/workItems/947845/revisions"
            },
            "workItemHistory": {
                "href": "https://dev.azure.com/eto-dev/_apis/wit/workItems/947845/history"
            },
            "html": {
                "href": "https://dev.azure.com/eto-dev/030d62a4-ce8b-405e-a331-8678df1a6efe/_workitems/edit/947845"
            },
            "workItemType": {
                "href": "https://dev.azure.com/eto-dev/030d62a4-ce8b-405e-a331-8678df1a6efe/_apis/wit/workItemTypes/Feature"
            },
            "fields": {
                "href": "https://dev.azure.com/eto-dev/_apis/wit/fields"
            }
        },
        "url": "https://dev.azure.com/eto-dev/_apis/wit/workItems/947845"
    }
]
07:27:30.435 [Test worker] INFO com.zions.vsts.services.PopulateChildMicroService - Getting the changes for child work item Epic #947844
07:27:30.457 [Test worker] INFO com.zions.vsts.services.PopulateChildMicroService - Getting the changes for child work item Epic #947844
[[op:test, path:/rev, value:4], [op:add, path:/fields/Custom.OTLNumber, value:1000]]
[[op:test, path:/rev, value:4], [op:add, path:/fields/Custom.OTLNumber, value:1000]]
07:27:30.486 [Test worker] INFO com.zions.vsts.services.PopulateChildMicroService - Processing work item changes...
07:27:30.519 [Test worker] INFO com.zions.vsts.services.PopulateChildMicroService - Update Succeeded
07:27:30.520 [Test worker] DEBUG org.springframework.test.context.cache.DefaultCacheAwareContextLoaderDelegate - Retrieved ApplicationContext [211945438] from cache with key [[MergedContextConfiguration@51de0f76 testClass = PopulateChildMicroServiceSpec, locations = '{}', classes = '{class com.zions.vsts.services.PopulateChildMicroserviceTestConfig}', contextInitializerClasses = '[]', activeProfiles = '{}', propertySourceLocations = '{}', propertySourceProperties = '{}', contextCustomizers = set[org.spockframework.spring.mock.SpockContextCustomizer@0, org.springframework.boot.test.autoconfigure.properties.PropertyMappingContextCustomizer@0, org.springframework.boot.test.autoconfigure.web.servlet.WebDriverContextCustomizerFactory$Customizer@44290e0, org.springframework.boot.test.context.filter.ExcludeFilterContextCustomizer@3d3d95c3, org.springframework.boot.test.json.DuplicateJsonObjectContextCustomizerFactory$DuplicateJsonObjectContextCustomizer@351f7ae7, org.springframework.boot.test.mock.mockito.MockitoContextCustomizer@0], contextLoader = 'org.springframework.test.context.support.DelegatingSmartContextLoader', parent = [null]]]
07:27:30.520 [Test worker] DEBUG org.springframework.test.context.cache - Spring test ApplicationContext cache statistics: [DefaultContextCache@78b23213 size = 1, maxSize = 32, parentContextCount = 0, hitCount = 39, missCount = 1]
07:27:30.520 [Test worker] DEBUG org.springframework.test.context.cache.DefaultCacheAwareContextLoaderDelegate - Retrieved ApplicationContext [211945438] from cache with key [[MergedContextConfiguration@51de0f76 testClass = PopulateChildMicroServiceSpec, locations = '{}', classes = '{class com.zions.vsts.services.PopulateChildMicroserviceTestConfig}', contextInitializerClasses = '[]', activeProfiles = '{}', propertySourceLocations = '{}', propertySourceProperties = '{}', contextCustomizers = set[org.spockframework.spring.mock.SpockContextCustomizer@0, org.springframework.boot.test.autoconfigure.properties.PropertyMappingContextCustomizer@0, org.springframework.boot.test.autoconfigure.web.servlet.WebDriverContextCustomizerFactory$Customizer@44290e0, org.springframework.boot.test.context.filter.ExcludeFilterContextCustomizer@3d3d95c3, org.springframework.boot.test.json.DuplicateJsonObjectContextCustomizerFactory$DuplicateJsonObjectContextCustomizer@351f7ae7, org.springframework.boot.test.mock.mockito.MockitoContextCustomizer@0], contextLoader = 'org.springframework.test.context.support.DelegatingSmartContextLoader', parent = [null]]]
07:27:30.521 [Test worker] DEBUG org.springframework.test.context.cache - Spring test ApplicationContext cache statistics: [DefaultContextCache@78b23213 size = 1, maxSize = 32, parentContextCount = 0, hitCount = 40, missCount = 1]
07:27:30.521 [Test worker] DEBUG org.springframework.test.context.cache.DefaultCacheAwareContextLoaderDelegate - Retrieved ApplicationContext [211945438] from cache with key [[MergedContextConfiguration@51de0f76 testClass = PopulateChildMicroServiceSpec, locations = '{}', classes = '{class com.zions.vsts.services.PopulateChildMicroserviceTestConfig}', contextInitializerClasses = '[]', activeProfiles = '{}', propertySourceLocations = '{}', propertySourceProperties = '{}', contextCustomizers = set[org.spockframework.spring.mock.SpockContextCustomizer@0, org.springframework.boot.test.autoconfigure.properties.PropertyMappingContextCustomizer@0, org.springframework.boot.test.autoconfigure.web.servlet.WebDriverContextCustomizerFactory$Customizer@44290e0, org.springframework.boot.test.context.filter.ExcludeFilterContextCustomizer@3d3d95c3, org.springframework.boot.test.json.DuplicateJsonObjectContextCustomizerFactory$DuplicateJsonObjectContextCustomizer@351f7ae7, org.springframework.boot.test.mock.mockito.MockitoContextCustomizer@0], contextLoader = 'org.springframework.test.context.support.DelegatingSmartContextLoader', parent = [null]]]
07:27:30.521 [Test worker] DEBUG org.springframework.test.context.cache - Spring test ApplicationContext cache statistics: [DefaultContextCache@78b23213 size = 1, maxSize = 32, parentContextCount = 0, hitCount = 41, missCount = 1]
07:27:30.522 [Test worker] DEBUG org.springframework.test.context.cache.DefaultCacheAwareContextLoaderDelegate - Retrieved ApplicationContext [211945438] from cache with key [[MergedContextConfiguration@51de0f76 testClass = PopulateChildMicroServiceSpec, locations = '{}', classes = '{class com.zions.vsts.services.PopulateChildMicroserviceTestConfig}', contextInitializerClasses = '[]', activeProfiles = '{}', propertySourceLocations = '{}', propertySourceProperties = '{}', contextCustomizers = set[org.spockframework.spring.mock.SpockContextCustomizer@0, org.springframework.boot.test.autoconfigure.properties.PropertyMappingContextCustomizer@0, org.springframework.boot.test.autoconfigure.web.servlet.WebDriverContextCustomizerFactory$Customizer@44290e0, org.springframework.boot.test.context.filter.ExcludeFilterContextCustomizer@3d3d95c3, org.springframework.boot.test.json.DuplicateJsonObjectContextCustomizerFactory$DuplicateJsonObjectContextCustomizer@351f7ae7, org.springframework.boot.test.mock.mockito.MockitoContextCustomizer@0], contextLoader = 'org.springframework.test.context.support.DelegatingSmartContextLoader', parent = [null]]]
07:27:30.522 [Test worker] DEBUG org.springframework.test.context.cache - Spring test ApplicationContext cache statistics: [DefaultContextCache@78b23213 size = 1, maxSize = 32, parentContextCount = 0, hitCount = 42, missCount = 1]
07:27:30.523 [Test worker] DEBUG org.springframework.test.context.cache.DefaultCacheAwareContextLoaderDelegate - Retrieved ApplicationContext [211945438] from cache with key [[MergedContextConfiguration@51de0f76 testClass = PopulateChildMicroServiceSpec, locations = '{}', classes = '{class com.zions.vsts.services.PopulateChildMicroserviceTestConfig}', contextInitializerClasses = '[]', activeProfiles = '{}', propertySourceLocations = '{}', propertySourceProperties = '{}', contextCustomizers = set[org.spockframework.spring.mock.SpockContextCustomizer@0, org.springframework.boot.test.autoconfigure.properties.PropertyMappingContextCustomizer@0, org.springframework.boot.test.autoconfigure.web.servlet.WebDriverContextCustomizerFactory$Customizer@44290e0, org.springframework.boot.test.context.filter.ExcludeFilterContextCustomizer@3d3d95c3, org.springframework.boot.test.json.DuplicateJsonObjectContextCustomizerFactory$DuplicateJsonObjectContextCustomizer@351f7ae7, org.springframework.boot.test.mock.mockito.MockitoContextCustomizer@0], contextLoader = 'org.springframework.test.context.support.DelegatingSmartContextLoader', parent = [null]]]
07:27:30.524 [Test worker] DEBUG org.springframework.test.context.cache - Spring test ApplicationContext cache statistics: [DefaultContextCache@78b23213 size = 1, maxSize = 32, parentContextCount = 0, hitCount = 43, missCount = 1]
07:27:30.526 [Test worker] DEBUG org.springframework.test.context.support.AbstractDirtiesContextTestExecutionListener - After test method: context [DefaultTestContext@204b7989 testClass = PopulateChildMicroServiceSpec, testInstance = com.zions.vsts.services.PopulateChildMicroServiceSpec@2d2a918, testMethod = $spock_feature_0_3@PopulateChildMicroServiceSpec, testException = [null], mergedContextConfiguration = [MergedContextConfiguration@51de0f76 testClass = PopulateChildMicroServiceSpec, locations = '{}', classes = '{class com.zions.vsts.services.PopulateChildMicroserviceTestConfig}', contextInitializerClasses = '[]', activeProfiles = '{}', propertySourceLocations = '{}', propertySourceProperties = '{}', contextCustomizers = set[org.spockframework.spring.mock.SpockContextCustomizer@0, org.springframework.boot.test.autoconfigure.properties.PropertyMappingContextCustomizer@0, org.springframework.boot.test.autoconfigure.web.servlet.WebDriverContextCustomizerFactory$Customizer@44290e0, org.springframework.boot.test.context.filter.ExcludeFilterContextCustomizer@3d3d95c3, org.springframework.boot.test.json.DuplicateJsonObjectContextCustomizerFactory$DuplicateJsonObjectContextCustomizer@351f7ae7, org.springframework.boot.test.mock.mockito.MockitoContextCustomizer@0], contextLoader = 'org.springframework.test.context.support.DelegatingSmartContextLoader', parent = [null]], attributes = map['org.spockframework.spring.SpringMockTestExecutionListener.MOCKED_BEANS_LIST' -> list[Mock for type 'WorkManagementService' named 'WorkManagementService', Mock for type 'GenericRestClient' named 'GenericRestClient']]], class annotated with @DirtiesContext [false] with mode [null], method annotated with @DirtiesContext [false] with mode [null].
07:27:30.528 [Test worker] DEBUG org.springframework.test.context.cache.DefaultCacheAwareContextLoaderDelegate - Retrieved ApplicationContext [211945438] from cache with key [[MergedContextConfiguration@51de0f76 testClass = PopulateChildMicroServiceSpec, locations = '{}', classes = '{class com.zions.vsts.services.PopulateChildMicroserviceTestConfig}', contextInitializerClasses = '[]', activeProfiles = '{}', propertySourceLocations = '{}', propertySourceProperties = '{}', contextCustomizers = set[org.spockframework.spring.mock.SpockContextCustomizer@0, org.springframework.boot.test.autoconfigure.properties.PropertyMappingContextCustomizer@0, org.springframework.boot.test.autoconfigure.web.servlet.WebDriverContextCustomizerFactory$Customizer@44290e0, org.springframework.boot.test.context.filter.ExcludeFilterContextCustomizer@3d3d95c3, org.springframework.boot.test.json.DuplicateJsonObjectContextCustomizerFactory$DuplicateJsonObjectContextCustomizer@351f7ae7, org.springframework.boot.test.mock.mockito.MockitoContextCustomizer@0], contextLoader = 'org.springframework.test.context.support.DelegatingSmartContextLoader', parent = [null]]]
07:27:30.529 [Test worker] DEBUG org.springframework.test.context.cache - Spring test ApplicationContext cache statistics: [DefaultContextCache@78b23213 size = 1, maxSize = 32, parentContextCount = 0, hitCount = 44, missCount = 1]
07:27:30.529 [Test worker] DEBUG org.springframework.test.context.support.AbstractDirtiesContextTestExecutionListener - After test class: context [DefaultTestContext@204b7989 testClass = PopulateChildMicroServiceSpec, testInstance = [null], testMethod = [null], testException = [null], mergedContextConfiguration = [MergedContextConfiguration@51de0f76 testClass = PopulateChildMicroServiceSpec, locations = '{}', classes = '{class com.zions.vsts.services.PopulateChildMicroserviceTestConfig}', contextInitializerClasses = '[]', activeProfiles = '{}', propertySourceLocations = '{}', propertySourceProperties = '{}', contextCustomizers = set[org.spockframework.spring.mock.SpockContextCustomizer@0, org.springframework.boot.test.autoconfigure.properties.PropertyMappingContextCustomizer@0, org.springframework.boot.test.autoconfigure.web.servlet.WebDriverContextCustomizerFactory$Customizer@44290e0, org.springframework.boot.test.context.filter.ExcludeFilterContextCustomizer@3d3d95c3, org.springframework.boot.test.json.DuplicateJsonObjectContextCustomizerFactory$DuplicateJsonObjectContextCustomizer@351f7ae7, org.springframework.boot.test.mock.mockito.MockitoContextCustomizer@0], contextLoader = 'org.springframework.test.context.support.DelegatingSmartContextLoader', parent = [null]], attributes = map['org.spockframework.spring.SpringMockTestExecutionListener.MOCKED_BEANS_LIST' -> list[Mock for type 'WorkManagementService' named 'WorkManagementService', Mock for type 'GenericRestClient' named 'GenericRestClient']]], class annotated with @DirtiesContext [false] with mode [null].
]]></system-out>
  <system-err><![CDATA[]]></system-err>
</testsuite>
